<?xml version="1.0" encoding="UTF-8"?>
<testsuites name="bun test" tests="629" assertions="900" failures="1" skipped="0" time="3.426253">
  <testsuite name="_runner_smoke_test.ts" file="_runner_smoke_test.ts" tests="1" assertions="1" failures="0" skipped="0" time="0" hostname="fundament.gibbon-snake.ts.net">
    <testcase name="smoke" classname="" time="0.000027" file="_runner_smoke_test.ts" line="2" assertions="1" />
  </testsuite>
  <testsuite name="tests/shell.test.ts" file="tests/shell.test.ts" tests="38" assertions="42" failures="0" skipped="0" time="0" hostname="fundament.gibbon-snake.ts.net">
    <testsuite name="Bun.$ — basic execution" file="tests/shell.test.ts" line="20" tests="9" assertions="10" failures="0" skipped="0" time="0.002" hostname="fundament.gibbon-snake.ts.net">
      <testcase name="echo returns expected text" classname="Bun.$ — basic execution" time="0.000203" file="tests/shell.test.ts" line="21" assertions="1" />
      <testcase name="exit code 0 on success" classname="Bun.$ — basic execution" time="0.00065" file="tests/shell.test.ts" line="26" assertions="1" />
      <testcase name="exit code 1 on failure with .nothrow()" classname="Bun.$ — basic execution" time="0.000096" file="tests/shell.test.ts" line="31" assertions="1" />
      <testcase name="non-zero exit throws by default" classname="Bun.$ — basic execution" time="0.000204" file="tests/shell.test.ts" line="36" assertions="1" />
      <testcase name=".text() returns stdout as string" classname="Bun.$ — basic execution" time="0.000059" file="tests/shell.test.ts" line="46" assertions="1" />
      <testcase name=".json() parses stdout as JSON" classname="Bun.$ — basic execution" time="0.000139" file="tests/shell.test.ts" line="51" assertions="1" />
      <testcase name=".bytes() returns Uint8Array" classname="Bun.$ — basic execution" time="0.000321" file="tests/shell.test.ts" line="56" assertions="2" />
      <testcase name="multi-command pipeline" classname="Bun.$ — basic execution" time="0.002495" file="tests/shell.test.ts" line="62" assertions="1" />
      <testcase name="stderr is captured in .stderr" classname="Bun.$ — basic execution" time="0.000269" file="tests/shell.test.ts" line="67" assertions="1" />
    </testsuite>
    <testsuite name="Bun.$ — interpolation" file="tests/shell.test.ts" line="79" tests="4" assertions="4" failures="0" skipped="0" time="0" hostname="fundament.gibbon-snake.ts.net">
      <testcase name="string variable interpolated safely" classname="Bun.$ — interpolation" time="0.000035" file="tests/shell.test.ts" line="80" assertions="1" />
      <testcase name="array of args is expanded word-by-word" classname="Bun.$ — interpolation" time="0.000114" file="tests/shell.test.ts" line="86" assertions="1" />
      <testcase name="$.escape() escapes shell metacharacters" classname="Bun.$ — interpolation" time="0.00008" file="tests/shell.test.ts" line="92" assertions="1" />
      <testcase name="$.braces() expands brace patterns" classname="Bun.$ — interpolation" time="0.000008" file="tests/shell.test.ts" line="99" assertions="1" />
    </testsuite>
    <testsuite name="Bun.$ — env and cwd" file="tests/shell.test.ts" line="109" tests="4" assertions="5" failures="0" skipped="0" time="0" hostname="fundament.gibbon-snake.ts.net">
      <testcase name=".env() sets custom env var" classname="Bun.$ — env and cwd" time="0.000148" file="tests/shell.test.ts" line="110" assertions="1" />
      <testcase name=".cwd() changes working directory" classname="Bun.$ — env and cwd" time="0.000229" file="tests/shell.test.ts" line="118" assertions="2" />
      <testcase name="$.cwd() sets global cwd for that $ instance" classname="Bun.$ — env and cwd" time="0.000215" file="tests/shell.test.ts" line="126" assertions="1" />
      <testcase name="$.env() sets global env for that $ instance" classname="Bun.$ — env and cwd" time="0.000117" file="tests/shell.test.ts" line="132" assertions="1" />
    </testsuite>
    <testsuite name="Bun.$ — file redirection" file="tests/shell.test.ts" line="143" tests="2" assertions="2" failures="0" skipped="0" time="0.002" hostname="fundament.gibbon-snake.ts.net">
      <testcase name="redirect stdout to file with &gt; redirect" classname="Bun.$ — file redirection" time="0.000354" file="tests/shell.test.ts" line="144" assertions="1" />
      <testcase name="pipe output of one command to another via stdin()" classname="Bun.$ — file redirection" time="0.002343" file="tests/shell.test.ts" line="151" assertions="1" />
    </testsuite>
    <testsuite name="Bun.$ — error control" file="tests/shell.test.ts" line="164" tests="3" assertions="4" failures="0" skipped="0" time="0" hostname="fundament.gibbon-snake.ts.net">
      <testcase name="ShellError has exitCode and stdout/stderr" classname="Bun.$ — error control" time="0.000134" file="tests/shell.test.ts" line="165" assertions="2" />
      <testcase name="$.nothrow() suppresses throw on non-zero exit" classname="Bun.$ — error control" time="0.000063" file="tests/shell.test.ts" line="176" assertions="1" />
      <testcase name="$.throws(false) suppresses throw" classname="Bun.$ — error control" time="0.000096" file="tests/shell.test.ts" line="182" assertions="1" />
    </testsuite>
    <testsuite name="Bun.spawn" file="tests/shell.test.ts" line="193" tests="8" assertions="9" failures="0" skipped="0" time="0.013" hostname="fundament.gibbon-snake.ts.net">
      <testcase name="captures stdout via pipe" classname="Bun.spawn" time="0.00198" file="tests/shell.test.ts" line="194" assertions="2" />
      <testcase name="captures stderr via pipe" classname="Bun.spawn" time="0.003926" file="tests/shell.test.ts" line="202" assertions="1" />
      <testcase name="writes to stdin via pipe" classname="Bun.spawn" time="0.001704" file="tests/shell.test.ts" line="209" assertions="1" />
      <testcase name="exited promise resolves with exit code" classname="Bun.spawn" time="0.003661" file="tests/shell.test.ts" line="217" assertions="1" />
      <testcase name="kill() terminates the process" classname="Bun.spawn" time="0.000332" file="tests/shell.test.ts" line="223" assertions="1" />
      <testcase name="env option passes custom environment" classname="Bun.spawn" time="0.003742" file="tests/shell.test.ts" line="230" assertions="1" />
      <testcase name="cwd option sets working directory" classname="Bun.spawn" time="0.001688" file="tests/shell.test.ts" line="240" assertions="1" />
      <testcase name="pid is a positive integer" classname="Bun.spawn" time="0.001472" file="tests/shell.test.ts" line="247" assertions="1" />
    </testsuite>
    <testsuite name="Bun.spawnSync" file="tests/shell.test.ts" line="258" tests="8" assertions="8" failures="0" skipped="0" time="0.015" hostname="fundament.gibbon-snake.ts.net">
      <testcase name="captures stdout synchronously" classname="Bun.spawnSync" time="0.001495" file="tests/shell.test.ts" line="259" assertions="1" />
      <testcase name="exit code is returned" classname="Bun.spawnSync" time="0.004151" file="tests/shell.test.ts" line="264" assertions="1" />
      <testcase name="captures stderr synchronously" classname="Bun.spawnSync" time="0.003693" file="tests/shell.test.ts" line="269" assertions="1" />
      <testcase name="success is true when exit code is 0" classname="Bun.spawnSync" time="0.00148" file="tests/shell.test.ts" line="274" assertions="1" />
      <testcase name="success is false when exit code is non-zero" classname="Bun.spawnSync" time="0.001489" file="tests/shell.test.ts" line="279" assertions="1" />
      <testcase name="stdin buffer is passed to the process" classname="Bun.spawnSync" time="0.001575" file="tests/shell.test.ts" line="284" assertions="1" />
      <testcase name="env option is forwarded" classname="Bun.spawnSync" time="0.003357" file="tests/shell.test.ts" line="289" assertions="1" />
      <testcase name="cwd option is respected" classname="Bun.spawnSync" time="0.001476" file="tests/shell.test.ts" line="296" assertions="1" />
    </testsuite>
  </testsuite>
  <testsuite name="tests/glob.test.ts" file="tests/glob.test.ts" tests="28" assertions="45" failures="0" skipped="0" time="0" hostname="fundament.gibbon-snake.ts.net">
    <testsuite name="Bun.Glob — match()" file="tests/glob.test.ts" line="48" tests="8" assertions="15" failures="0" skipped="0" time="0" hostname="fundament.gibbon-snake.ts.net">
      <testcase name="*.ts matches a .ts file" classname="Bun.Glob — match()" time="0.000065" file="tests/glob.test.ts" line="49" assertions="1" />
      <testcase name="*.ts does not match a .tsx file" classname="Bun.Glob — match()" time="0.000014" file="tests/glob.test.ts" line="53" assertions="1" />
      <testcase name="*.{ts,tsx} matches both extensions" classname="Bun.Glob — match()" time="0.000011" file="tests/glob.test.ts" line="57" assertions="3" />
      <testcase name="? matches exactly one character" classname="Bun.Glob — match()" time="0.000023" file="tests/glob.test.ts" line="64" assertions="2" />
      <testcase name="[ab] matches character class" classname="Bun.Glob — match()" time="0.000021" file="tests/glob.test.ts" line="69" assertions="3" />
      <testcase name="** matches across path separators" classname="Bun.Glob — match()" time="0.000014" file="tests/glob.test.ts" line="76" assertions="1" />
      <testcase name="negation ! flips the match" classname="Bun.Glob — match()" time="0.000022" file="tests/glob.test.ts" line="80" assertions="2" />
      <testcase name="exact pattern matches exact string" classname="Bun.Glob — match()" time="0.000013" file="tests/glob.test.ts" line="85" assertions="2" />
    </testsuite>
    <testsuite name="Bun.Glob — scanSync()" file="tests/glob.test.ts" line="95" tests="7" assertions="11" failures="0" skipped="0" time="0" hostname="fundament.gibbon-snake.ts.net">
      <testcase name="scans *.ts files in a directory" classname="Bun.Glob — scanSync()" time="0.000375" file="tests/glob.test.ts" line="96" assertions="2" />
      <testcase name="**/*.ts finds nested .ts files" classname="Bun.Glob — scanSync()" time="0.000075" file="tests/glob.test.ts" line="102" assertions="2" />
      <testcase name="*.{ts,tsx} finds both TypeScript variants" classname="Bun.Glob — scanSync()" time="0.000123" file="tests/glob.test.ts" line="108" assertions="2" />
      <testcase name="*.css finds only CSS files" classname="Bun.Glob — scanSync()" time="0.000109" file="tests/glob.test.ts" line="114" assertions="2" />
      <testcase name="**/*.tsx finds TSX files in subdirectories" classname="Bun.Glob — scanSync()" time="0.000024" file="tests/glob.test.ts" line="120" assertions="1" />
      <testcase name="non-matching pattern returns empty iterator" classname="Bun.Glob — scanSync()" time="0.000105" file="tests/glob.test.ts" line="125" assertions="1" />
      <testcase name="absolute option returns absolute paths" classname="Bun.Glob — scanSync()" time="0.000056" file="tests/glob.test.ts" line="130" assertions="1" />
    </testsuite>
    <testsuite name="Bun.Glob — scan() async" file="tests/glob.test.ts" line="140" tests="2" assertions="2" failures="0" skipped="0" time="0" hostname="fundament.gibbon-snake.ts.net">
      <testcase name="async scan returns same results as syncScan" classname="Bun.Glob — scan() async" time="0.000344" file="tests/glob.test.ts" line="141" assertions="1" />
      <testcase name="async for-await loop works" classname="Bun.Glob — scan() async" time="0.000648" file="tests/glob.test.ts" line="147" assertions="1" />
    </testsuite>
    <testsuite name="Bun.FileSystemRouter — nextjs style" file="tests/glob.test.ts" line="160" tests="11" assertions="17" failures="0" skipped="0" time="0" hostname="fundament.gibbon-snake.ts.net">
      <testcase name="matches exact route /" classname="Bun.FileSystemRouter — nextjs style" time="0.000013" file="tests/glob.test.ts" line="167" assertions="2" />
      <testcase name="matches exact route /about" classname="Bun.FileSystemRouter — nextjs style" time="0.000041" file="tests/glob.test.ts" line="173" assertions="1" />
      <testcase name="matches /blog as exact route" classname="Bun.FileSystemRouter — nextjs style" time="0.000015" file="tests/glob.test.ts" line="178" assertions="1" />
      <testcase name="matches dynamic route /blog/my-post" classname="Bun.FileSystemRouter — nextjs style" time="0.00001" file="tests/glob.test.ts" line="183" assertions="2" />
      <testcase name="dynamic params are extracted correctly" classname="Bun.FileSystemRouter — nextjs style" time="0.000025" file="tests/glob.test.ts" line="189" assertions="2" />
      <testcase name="match() returns null for unknown routes" classname="Bun.FileSystemRouter — nextjs style" time="0.000019" file="tests/glob.test.ts" line="195" assertions="1" />
      <testcase name="routes property lists all registered routes" classname="Bun.FileSystemRouter — nextjs style" time="0.00002" file="tests/glob.test.ts" line="199" assertions="2" />
      <testcase name="style property is &apos;nextjs&apos;" classname="Bun.FileSystemRouter — nextjs style" time="0.000021" file="tests/glob.test.ts" line="204" assertions="1" />
      <testcase name="matched route has filePath" classname="Bun.FileSystemRouter — nextjs style" time="0.000009" file="tests/glob.test.ts" line="208" assertions="2" />
      <testcase name="matched route has pathname" classname="Bun.FileSystemRouter — nextjs style" time="0.000015" file="tests/glob.test.ts" line="214" assertions="1" />
      <testcase name="query string is parsed into query object" classname="Bun.FileSystemRouter — nextjs style" time="0.00001" file="tests/glob.test.ts" line="219" assertions="2" />
    </testsuite>
  </testsuite>
  <testsuite name="tests/transpiler.test.ts" file="tests/transpiler.test.ts" tests="24" assertions="38" failures="0" skipped="0" time="0" hostname="fundament.gibbon-snake.ts.net">
    <testsuite name="Bun.Transpiler — transformSync" file="tests/transpiler.test.ts" line="23" tests="7" assertions="13" failures="0" skipped="0" time="0" hostname="fundament.gibbon-snake.ts.net">
      <testcase name="strips TypeScript types" classname="Bun.Transpiler — transformSync" time="0.000073" file="tests/transpiler.test.ts" line="24" assertions="2" />
      <testcase name="transpiles JSX to function calls" classname="Bun.Transpiler — transformSync" time="0.000093" file="tests/transpiler.test.ts" line="31" assertions="2" />
      <testcase name="transpiles TSX" classname="Bun.Transpiler — transformSync" time="0.00015" file="tests/transpiler.test.ts" line="38" assertions="2" />
      <testcase name="returns a string" classname="Bun.Transpiler — transformSync" time="0.000015" file="tests/transpiler.test.ts" line="45" assertions="1" />
      <testcase name="preserves export declarations" classname="Bun.Transpiler — transformSync" time="0.000078" file="tests/transpiler.test.ts" line="50" assertions="2" />
      <testcase name="define replaces identifiers" classname="Bun.Transpiler — transformSync" time="0.000082" file="tests/transpiler.test.ts" line="57" assertions="1" />
      <testcase name="async transform() returns a Promise&lt;string&gt;" classname="Bun.Transpiler — transformSync" time="0.000175" file="tests/transpiler.test.ts" line="66" assertions="3" />
    </testsuite>
    <testsuite name="Bun.Transpiler — scan / scanImports" file="tests/transpiler.test.ts" line="80" tests="5" assertions="9" failures="0" skipped="0" time="0" hostname="fundament.gibbon-snake.ts.net">
      <testcase name="scanImports returns array of Import objects" classname="Bun.Transpiler — scan / scanImports" time="0.000044" file="tests/transpiler.test.ts" line="83" assertions="2" />
      <testcase name="scanImports finds named import paths" classname="Bun.Transpiler — scan / scanImports" time="0.000078" file="tests/transpiler.test.ts" line="89" assertions="1" />
      <testcase name="scan returns imports and exports" classname="Bun.Transpiler — scan / scanImports" time="0.000027" file="tests/transpiler.test.ts" line="95" assertions="2" />
      <testcase name="scan finds multiple exports" classname="Bun.Transpiler — scan / scanImports" time="0.000109" file="tests/transpiler.test.ts" line="101" assertions="3" />
      <testcase name="import kind is &apos;import-statement&apos; for static imports" classname="Bun.Transpiler — scan / scanImports" time="0.000037" file="tests/transpiler.test.ts" line="108" assertions="1" />
    </testsuite>
    <testsuite name="Bun.build() — bundler" file="tests/transpiler.test.ts" line="118" tests="12" assertions="16" failures="0" skipped="0" time="0.001" hostname="fundament.gibbon-snake.ts.net">
      <testcase name="builds a TypeScript file successfully" classname="Bun.build() — bundler" time="0.001346" file="tests/transpiler.test.ts" line="119" assertions="2" />
      <testcase name="output artifact is a Blob with text content" classname="Bun.build() — bundler" time="0.000675" file="tests/transpiler.test.ts" line="128" assertions="2" />
      <testcase name="bundled output contains the function from imported module" classname="Bun.build() — bundler" time="0.000557" file="tests/transpiler.test.ts" line="138" assertions="1" />
      <testcase name="output artifact has path property" classname="Bun.build() — bundler" time="0.00058" file="tests/transpiler.test.ts" line="147" assertions="1" />
      <testcase name="output artifact has loader property" classname="Bun.build() — bundler" time="0.000492" file="tests/transpiler.test.ts" line="155" assertions="1" />
      <testcase name="minify: true produces smaller output than no minification" classname="Bun.build() — bundler" time="0.000991" file="tests/transpiler.test.ts" line="163" assertions="1" />
      <testcase name="define replaces constant at build time" classname="Bun.build() — bundler" time="0.000527" file="tests/transpiler.test.ts" line="170" assertions="1" />
      <testcase name="target: &apos;browser&apos; succeeds" classname="Bun.build() — bundler" time="0.000472" file="tests/transpiler.test.ts" line="179" assertions="1" />
      <testcase name="build with outdir writes files to disk" classname="Bun.build() — bundler" time="0.000854" file="tests/transpiler.test.ts" line="187" assertions="2" />
      <testcase name="BuildOutput.logs is an array" classname="Bun.build() — bundler" time="0.000491" file="tests/transpiler.test.ts" line="200" assertions="1" />
      <testcase name="in-memory bundling via files option" classname="Bun.build() — bundler" time="0.000503" file="tests/transpiler.test.ts" line="208" assertions="2" />
      <testcase name="invalid entrypoint causes success: false or throws" classname="Bun.build() — bundler" time="0.000055" file="tests/transpiler.test.ts" line="221" assertions="1" />
    </testsuite>
  </testsuite>
  <testsuite name="tests/compression.test.ts" file="tests/compression.test.ts" tests="27" assertions="31" failures="0" skipped="0" time="0" hostname="fundament.gibbon-snake.ts.net">
    <testsuite name="Bun.gzipSync / Bun.gunzipSync" file="tests/compression.test.ts" line="10" tests="7" assertions="8" failures="0" skipped="0" time="0" hostname="fundament.gibbon-snake.ts.net">
      <testcase name="roundtrip string → Uint8Array → string" classname="Bun.gzipSync / Bun.gunzipSync" time="0" file="tests/compression.test.ts" line="11" assertions="1" />
      <testcase name="roundtrip Uint8Array" classname="Bun.gzipSync / Bun.gunzipSync" time="0.000176" file="tests/compression.test.ts" line="17" assertions="1" />
      <testcase name="compressed size is smaller than the original" classname="Bun.gzipSync / Bun.gunzipSync" time="0.000023" file="tests/compression.test.ts" line="23" assertions="1" />
      <testcase name="returns a Uint8Array" classname="Bun.gzipSync / Bun.gunzipSync" time="0.000025" file="tests/compression.test.ts" line="28" assertions="1" />
      <testcase name="level option is accepted" classname="Bun.gzipSync / Bun.gunzipSync" time="0.000019" file="tests/compression.test.ts" line="32" assertions="2" />
      <testcase name="empty input roundtrips" classname="Bun.gzipSync / Bun.gunzipSync" time="0.000046" file="tests/compression.test.ts" line="40" assertions="1" />
      <testcase name="binary data roundtrips" classname="Bun.gzipSync / Bun.gunzipSync" time="0.000021" file="tests/compression.test.ts" line="46" assertions="1" />
    </testsuite>
    <testsuite name="Bun.deflateSync / Bun.inflateSync" file="tests/compression.test.ts" line="57" tests="6" assertions="7" failures="0" skipped="0" time="0" hostname="fundament.gibbon-snake.ts.net">
      <testcase name="roundtrip string" classname="Bun.deflateSync / Bun.inflateSync" time="0.000026" file="tests/compression.test.ts" line="58" assertions="1" />
      <testcase name="roundtrip Uint8Array" classname="Bun.deflateSync / Bun.inflateSync" time="0.000005" file="tests/compression.test.ts" line="64" assertions="1" />
      <testcase name="compressed is smaller than original" classname="Bun.deflateSync / Bun.inflateSync" time="0.000027" file="tests/compression.test.ts" line="70" assertions="1" />
      <testcase name="returns a Uint8Array" classname="Bun.deflateSync / Bun.inflateSync" time="0.000011" file="tests/compression.test.ts" line="75" assertions="1" />
      <testcase name="level option is accepted" classname="Bun.deflateSync / Bun.inflateSync" time="0.000008" file="tests/compression.test.ts" line="79" assertions="2" />
      <testcase name="empty input roundtrips" classname="Bun.deflateSync / Bun.inflateSync" time="0.000007" file="tests/compression.test.ts" line="86" assertions="1" />
    </testsuite>
    <testsuite name="Bun.zstdCompressSync / Bun.zstdDecompressSync" file="tests/compression.test.ts" line="97" tests="7" assertions="8" failures="0" skipped="0" time="0" hostname="fundament.gibbon-snake.ts.net">
      <testcase name="roundtrip string" classname="Bun.zstdCompressSync / Bun.zstdDecompressSync" time="0.000065" file="tests/compression.test.ts" line="98" assertions="1" />
      <testcase name="roundtrip Uint8Array" classname="Bun.zstdCompressSync / Bun.zstdDecompressSync" time="0.000015" file="tests/compression.test.ts" line="104" assertions="1" />
      <testcase name="returns a Buffer" classname="Bun.zstdCompressSync / Bun.zstdDecompressSync" time="0.000016" file="tests/compression.test.ts" line="110" assertions="1" />
      <testcase name="compressed size is smaller than original" classname="Bun.zstdCompressSync / Bun.zstdDecompressSync" time="0.000013" file="tests/compression.test.ts" line="114" assertions="1" />
      <testcase name="level option is accepted" classname="Bun.zstdCompressSync / Bun.zstdDecompressSync" time="0.000023" file="tests/compression.test.ts" line="119" assertions="2" />
      <testcase name="empty input roundtrips" classname="Bun.zstdCompressSync / Bun.zstdDecompressSync" time="0.000029" file="tests/compression.test.ts" line="126" assertions="1" />
      <testcase name="binary data roundtrips" classname="Bun.zstdCompressSync / Bun.zstdDecompressSync" time="0.000019" file="tests/compression.test.ts" line="132" assertions="1" />
    </testsuite>
    <testsuite name="Bun.zstdCompress / Bun.zstdDecompress (async)" file="tests/compression.test.ts" line="143" tests="3" assertions="4" failures="0" skipped="0" time="0" hostname="fundament.gibbon-snake.ts.net">
      <testcase name="roundtrip string" classname="Bun.zstdCompress / Bun.zstdDecompress (async)" time="0.000089" file="tests/compression.test.ts" line="144" assertions="1" />
      <testcase name="returns Promise&lt;Buffer&gt;" classname="Bun.zstdCompress / Bun.zstdDecompress (async)" time="0.000045" file="tests/compression.test.ts" line="150" assertions="2" />
      <testcase name="async result matches sync result" classname="Bun.zstdCompress / Bun.zstdDecompress (async)" time="0.000084" file="tests/compression.test.ts" line="156" assertions="1" />
    </testsuite>
    <testsuite name="CompressionStream / DecompressionStream" file="tests/compression.test.ts" line="170" tests="4" assertions="4" failures="0" skipped="0" time="0.006" hostname="fundament.gibbon-snake.ts.net">
      <testcase name="gzip roundtrip via streams" classname="CompressionStream / DecompressionStream" time="0.005468" file="tests/compression.test.ts" line="215" assertions="1" />
      <testcase name="deflate roundtrip via streams" classname="CompressionStream / DecompressionStream" time="0.001515" file="tests/compression.test.ts" line="221" assertions="1" />
      <testcase name="deflate-raw roundtrip via streams" classname="CompressionStream / DecompressionStream" time="0.000551" file="tests/compression.test.ts" line="227" assertions="1" />
      <testcase name="gzip stream output matches gzipSync output (decompresses correctly)" classname="CompressionStream / DecompressionStream" time="0.00024" file="tests/compression.test.ts" line="233" assertions="1" />
    </testsuite>
  </testsuite>
  <testsuite name="tests/test-runner.test.ts" file="tests/test-runner.test.ts" tests="45" assertions="71" failures="0" skipped="0" time="0" hostname="fundament.gibbon-snake.ts.net">
    <testsuite name="mock() — basic mocks" file="tests/test-runner.test.ts" line="7" tests="12" assertions="20" failures="0" skipped="0" time="0" hostname="fundament.gibbon-snake.ts.net">
      <testcase name="mock() creates a callable function" classname="mock() — basic mocks" time="0" file="tests/test-runner.test.ts" line="8" assertions="1" />
      <testcase name="mock().mock.calls tracks calls" classname="mock() — basic mocks" time="0.000123" file="tests/test-runner.test.ts" line="13" assertions="3" />
      <testcase name="mock with implementation returns value" classname="mock() — basic mocks" time="0.000022" file="tests/test-runner.test.ts" line="22" assertions="1" />
      <testcase name="mock.mock.results tracks return values" classname="mock() — basic mocks" time="0.000023" file="tests/test-runner.test.ts" line="27" assertions="2" />
      <testcase name="mockReturnValue sets a fixed return" classname="mock() — basic mocks" time="0.000034" file="tests/test-runner.test.ts" line="35" assertions="2" />
      <testcase name="mockReturnValueOnce returns value once then falls through" classname="mock() — basic mocks" time="0.000017" file="tests/test-runner.test.ts" line="41" assertions="2" />
      <testcase name="mockImplementation replaces implementation" classname="mock() — basic mocks" time="0.000018" file="tests/test-runner.test.ts" line="47" assertions="1" />
      <testcase name="mockImplementationOnce replaces implementation once" classname="mock() — basic mocks" time="0.000019" file="tests/test-runner.test.ts" line="53" assertions="2" />
      <testcase name="mockResolvedValue returns a resolved promise" classname="mock() — basic mocks" time="0.00002" file="tests/test-runner.test.ts" line="60" assertions="1" />
      <testcase name="mockRejectedValue returns a rejected promise" classname="mock() — basic mocks" time="0.000072" file="tests/test-runner.test.ts" line="65" assertions="1" />
      <testcase name="mockClear resets calls and results" classname="mock() — basic mocks" time="0.000022" file="tests/test-runner.test.ts" line="70" assertions="2" />
      <testcase name="mockReset clears calls and removes implementation" classname="mock() — basic mocks" time="0.000014" file="tests/test-runner.test.ts" line="78" assertions="2" />
    </testsuite>
    <testsuite name="spyOn()" file="tests/test-runner.test.ts" line="91" tests="5" assertions="10" failures="0" skipped="0" time="0" hostname="fundament.gibbon-snake.ts.net">
      <testcase name="spyOn wraps an object method and tracks calls" classname="spyOn()" time="0.000023" file="tests/test-runner.test.ts" line="92" assertions="3" />
      <testcase name="spyOn preserves original behavior by default" classname="spyOn()" time="0.000037" file="tests/test-runner.test.ts" line="101" assertions="1" />
      <testcase name="spyOn can override implementation" classname="spyOn()" time="0.000022" file="tests/test-runner.test.ts" line="107" assertions="2" />
      <testcase name="mockRestore restores original method" classname="spyOn()" time="0.000025" file="tests/test-runner.test.ts" line="115" assertions="2" />
      <testcase name="spyOn tracks calls to built-in Math.random" classname="spyOn()" time="0.000022" file="tests/test-runner.test.ts" line="123" assertions="2" />
    </testsuite>
    <testsuite name="jest.fn() compatibility" file="tests/test-runner.test.ts" line="135" tests="3" assertions="4" failures="0" skipped="0" time="0" hostname="fundament.gibbon-snake.ts.net">
      <testcase name="jest.fn() creates a mock function" classname="jest.fn() compatibility" time="0.000018" file="tests/test-runner.test.ts" line="136" assertions="1" />
      <testcase name="jest.fn(impl) uses implementation" classname="jest.fn() compatibility" time="0.00002" file="tests/test-runner.test.ts" line="142" assertions="1" />
      <testcase name="jest.spyOn mirrors spyOn" classname="jest.fn() compatibility" time="0.000019" file="tests/test-runner.test.ts" line="147" assertions="2" />
    </testsuite>
    <testsuite name="fake timers — setSystemTime" file="tests/test-runner.test.ts" line="160" tests="5" assertions="6" failures="0" skipped="0" time="0" hostname="fundament.gibbon-snake.ts.net">
      <testcase name="setSystemTime fixes Date.now()" classname="fake timers — setSystemTime" time="0.000022" file="tests/test-runner.test.ts" line="166" assertions="1" />
      <testcase name="setSystemTime accepts a Date object" classname="fake timers — setSystemTime" time="0.00005" file="tests/test-runner.test.ts" line="172" assertions="1" />
      <testcase name="new Date() returns mocked time" classname="fake timers — setSystemTime" time="0.000379" file="tests/test-runner.test.ts" line="178" assertions="2" />
      <testcase name="setSystemTime(0) sets Unix epoch" classname="fake timers — setSystemTime" time="0.000018" file="tests/test-runner.test.ts" line="185" assertions="1" />
      <testcase name="setSystemTime() without arg restores real clock" classname="fake timers — setSystemTime" time="0.000011" file="tests/test-runner.test.ts" line="190" assertions="1" />
    </testsuite>
    <testsuite name="hook ordering" file="tests/test-runner.test.ts" line="204" tests="2" assertions="0" failures="0" skipped="0" time="0" hostname="fundament.gibbon-snake.ts.net">
      <testcase name="first test runs in order" classname="hook ordering" time="0.000035" file="tests/test-runner.test.ts" line="219" assertions="0" />
      <testcase name="second test runs in order" classname="hook ordering" time="0.000009" file="tests/test-runner.test.ts" line="223" assertions="0" />
    </testsuite>
    <testsuite name="nested describe" file="tests/test-runner.test.ts" line="232" tests="2" assertions="2" failures="0" skipped="0" time="0" hostname="fundament.gibbon-snake.ts.net">
      <testsuite name="inner" file="tests/test-runner.test.ts" line="243" tests="1" assertions="1" failures="0" skipped="0" time="0" hostname="fundament.gibbon-snake.ts.net">
        <testcase name="inner test" classname="inner &amp;gt; nested describe" time="0.00001" file="tests/test-runner.test.ts" line="245" assertions="1" />
      </testsuite>
      <testcase name="outer test" classname="nested describe" time="0.00001" file="tests/test-runner.test.ts" line="251" assertions="1" />
    </testsuite>
    <testsuite name="expect matchers" file="tests/test-runner.test.ts" line="261" tests="11" assertions="24" failures="0" skipped="0" time="0" hostname="fundament.gibbon-snake.ts.net">
      <testcase name="toBeUndefined / toBeDefined" classname="expect matchers" time="0.000006" file="tests/test-runner.test.ts" line="262" assertions="3" />
      <testcase name="toBeNull / toBeTruthy / toBeFalsy" classname="expect matchers" time="0.000009" file="tests/test-runner.test.ts" line="268" assertions="4" />
      <testcase name="toBeGreaterThan / toBeLessThan / toBeCloseTo" classname="expect matchers" time="0.000011" file="tests/test-runner.test.ts" line="275" assertions="3" />
      <testcase name="toContain for arrays and strings" classname="expect matchers" time="0.000012" file="tests/test-runner.test.ts" line="281" assertions="2" />
      <testcase name="toHaveLength" classname="expect matchers" time="0.000009" file="tests/test-runner.test.ts" line="286" assertions="2" />
      <testcase name="toMatchObject partial match" classname="expect matchers" time="0.000029" file="tests/test-runner.test.ts" line="291" assertions="1" />
      <testcase name="toThrow" classname="expect matchers" time="0.00002" file="tests/test-runner.test.ts" line="295" assertions="1" />
      <testcase name="resolves / rejects" classname="expect matchers" time="0.000047" file="tests/test-runner.test.ts" line="301" assertions="2" />
      <testcase name="not.toBe" classname="expect matchers" time="0.000015" file="tests/test-runner.test.ts" line="306" assertions="2" />
      <testcase name="toBeInstanceOf" classname="expect matchers" time="0.000011" file="tests/test-runner.test.ts" line="311" assertions="2" />
      <testcase name="toStrictEqual" classname="expect matchers" time="0.000025" file="tests/test-runner.test.ts" line="316" assertions="2" />
    </testsuite>
    <testsuite name="snapshot testing" file="tests/test-runner.test.ts" line="326" tests="5" assertions="5" failures="0" skipped="0" time="0" hostname="fundament.gibbon-snake.ts.net">
      <testcase name="toMatchSnapshot — primitive" classname="snapshot testing" time="0.000011" file="tests/test-runner.test.ts" line="327" assertions="1" />
      <testcase name="toMatchSnapshot — object" classname="snapshot testing" time="0.000011" file="tests/test-runner.test.ts" line="331" assertions="1" />
      <testcase name="toMatchSnapshot — array" classname="snapshot testing" time="0.000027" file="tests/test-runner.test.ts" line="340" assertions="1" />
      <testcase name="toMatchInlineSnapshot — string" classname="snapshot testing" time="0.000015" file="tests/test-runner.test.ts" line="350" assertions="1" />
      <testcase name="toMatchInlineSnapshot — number" classname="snapshot testing" time="0.000008" file="tests/test-runner.test.ts" line="354" assertions="1" />
    </testsuite>
  </testsuite>
  <testsuite name="tests/formats.test.ts" file="tests/formats.test.ts" tests="44" assertions="72" failures="0" skipped="0" time="0" hostname="fundament.gibbon-snake.ts.net">
    <testsuite name="Bun.TOML.parse" file="tests/formats.test.ts" line="7" tests="8" assertions="16" failures="0" skipped="0" time="0" hostname="fundament.gibbon-snake.ts.net">
      <testcase name="parses simple key-value pairs" classname="Bun.TOML.parse" time="0.000175" file="tests/formats.test.ts" line="8" assertions="2" />
      <testcase name="parses integers and floats" classname="Bun.TOML.parse" time="0.000015" file="tests/formats.test.ts" line="14" assertions="2" />
      <testcase name="parses booleans" classname="Bun.TOML.parse" time="0.000029" file="tests/formats.test.ts" line="20" assertions="2" />
      <testcase name="parses arrays" classname="Bun.TOML.parse" time="0.000012" file="tests/formats.test.ts" line="26" assertions="1" />
      <testcase name="parses table sections" classname="Bun.TOML.parse" time="0.000029" file="tests/formats.test.ts" line="31" assertions="2" />
      <testcase name="parses nested tables" classname="Bun.TOML.parse" time="0.000026" file="tests/formats.test.ts" line="37" assertions="2" />
      <testcase name="parses array of tables" classname="Bun.TOML.parse" time="0.000026" file="tests/formats.test.ts" line="44" assertions="3" />
      <testcase name="returns an object" classname="Bun.TOML.parse" time="0.000026" file="tests/formats.test.ts" line="52" assertions="2" />
    </testsuite>
    <testsuite name="Bun.JSONC.parse" file="tests/formats.test.ts" line="63" tests="5" assertions="6" failures="0" skipped="0" time="0" hostname="fundament.gibbon-snake.ts.net">
      <testcase name="parses standard JSON" classname="Bun.JSONC.parse" time="0.00002" file="tests/formats.test.ts" line="64" assertions="1" />
      <testcase name="parses JSON with single-line comments" classname="Bun.JSONC.parse" time="0.000021" file="tests/formats.test.ts" line="69" assertions="1" />
      <testcase name="parses JSON with block comments" classname="Bun.JSONC.parse" time="0.000017" file="tests/formats.test.ts" line="78" assertions="1" />
      <testcase name="parses JSON with trailing commas" classname="Bun.JSONC.parse" time="0.000016" file="tests/formats.test.ts" line="87" assertions="2" />
      <testcase name="parses arrays with trailing commas" classname="Bun.JSONC.parse" time="0.000018" file="tests/formats.test.ts" line="94" assertions="1" />
    </testsuite>
    <testsuite name="URL" file="tests/formats.test.ts" line="104" tests="7" assertions="15" failures="0" skipped="0" time="0" hostname="fundament.gibbon-snake.ts.net">
      <testcase name="parses a full URL" classname="URL" time="0.000018" file="tests/formats.test.ts" line="105" assertions="8" />
      <testcase name="href is the full serialized URL" classname="URL" time="0.00006" file="tests/formats.test.ts" line="117" assertions="1" />
      <testcase name="origin combines protocol + host" classname="URL" time="0.000013" file="tests/formats.test.ts" line="122" assertions="1" />
      <testcase name="relative URL resolves against base" classname="URL" time="0.000021" file="tests/formats.test.ts" line="127" assertions="1" />
      <testcase name="mutable properties update href" classname="URL" time="0.000008" file="tests/formats.test.ts" line="132" assertions="1" />
      <testcase name="searchParams is a URLSearchParams instance" classname="URL" time="0.000019" file="tests/formats.test.ts" line="138" assertions="2" />
      <testcase name="throws on invalid URL" classname="URL" time="0.000034" file="tests/formats.test.ts" line="144" assertions="1" />
    </testsuite>
    <testsuite name="URLSearchParams" file="tests/formats.test.ts" line="153" tests="9" assertions="15" failures="0" skipped="0" time="0" hostname="fundament.gibbon-snake.ts.net">
      <testcase name="constructs from string" classname="URLSearchParams" time="0.000039" file="tests/formats.test.ts" line="154" assertions="2" />
      <testcase name="constructs from object" classname="URLSearchParams" time="0.000016" file="tests/formats.test.ts" line="160" assertions="1" />
      <testcase name="append adds duplicate keys" classname="URLSearchParams" time="0.00002" file="tests/formats.test.ts" line="165" assertions="1" />
      <testcase name="set replaces all values for a key" classname="URLSearchParams" time="0.000012" file="tests/formats.test.ts" line="171" assertions="1" />
      <testcase name="delete removes a key" classname="URLSearchParams" time="0.000009" file="tests/formats.test.ts" line="177" assertions="2" />
      <testcase name="has returns true for existing key" classname="URLSearchParams" time="0.00002" file="tests/formats.test.ts" line="184" assertions="2" />
      <testcase name="toString serializes correctly" classname="URLSearchParams" time="0.000016" file="tests/formats.test.ts" line="190" assertions="2" />
      <testcase name="forEach iterates all entries" classname="URLSearchParams" time="0.000017" file="tests/formats.test.ts" line="197" assertions="1" />
      <testcase name="keys(), values(), entries() iterators work" classname="URLSearchParams" time="0.000133" file="tests/formats.test.ts" line="204" assertions="3" />
    </testsuite>
    <testsuite name="Headers" file="tests/formats.test.ts" line="216" tests="8" assertions="11" failures="0" skipped="0" time="0" hostname="fundament.gibbon-snake.ts.net">
      <testcase name="constructs from object" classname="Headers" time="0.000028" file="tests/formats.test.ts" line="217" assertions="1" />
      <testcase name="get is case-insensitive" classname="Headers" time="0.000007" file="tests/formats.test.ts" line="222" assertions="2" />
      <testcase name="set overwrites existing value" classname="Headers" time="0.000019" file="tests/formats.test.ts" line="228" assertions="1" />
      <testcase name="append adds to existing header" classname="Headers" time="0.000021" file="tests/formats.test.ts" line="235" assertions="2" />
      <testcase name="delete removes a header" classname="Headers" time="0.000021" file="tests/formats.test.ts" line="244" assertions="1" />
      <testcase name="has returns true for existing header" classname="Headers" time="0.000014" file="tests/formats.test.ts" line="250" assertions="2" />
      <testcase name="forEach iterates all entries" classname="Headers" time="0.00002" file="tests/formats.test.ts" line="256" assertions="1" />
      <testcase name="constructs from entries array" classname="Headers" time="0.000038" file="tests/formats.test.ts" line="263" assertions="1" />
    </testsuite>
    <testsuite name="FormData" file="tests/formats.test.ts" line="276" tests="7" assertions="9" failures="0" skipped="0" time="0" hostname="fundament.gibbon-snake.ts.net">
      <testcase name="append and get a string field" classname="FormData" time="0.000016" file="tests/formats.test.ts" line="277" assertions="1" />
      <testcase name="set overwrites existing field" classname="FormData" time="0.000026" file="tests/formats.test.ts" line="283" assertions="1" />
      <testcase name="getAll returns all values for a key" classname="FormData" time="0.000013" file="tests/formats.test.ts" line="290" assertions="1" />
      <testcase name="has returns true for existing field" classname="FormData" time="0.000017" file="tests/formats.test.ts" line="297" assertions="2" />
      <testcase name="delete removes a field" classname="FormData" time="0.000015" file="tests/formats.test.ts" line="304" assertions="1" />
      <testcase name="append a Blob as a file field" classname="FormData" time="0.000095" file="tests/formats.test.ts" line="311" assertions="2" />
      <testcase name="forEach iterates all fields" classname="FormData" time="0.000029" file="tests/formats.test.ts" line="320" assertions="1" />
    </testsuite>
  </testsuite>
  <testsuite name="tests/workers.test.ts" file="tests/workers.test.ts" tests="12" assertions="12" failures="0" skipped="0" time="0" hostname="fundament.gibbon-snake.ts.net">
    <testsuite name="Worker — basic messaging" file="tests/workers.test.ts" line="93" tests="5" assertions="5" failures="0" skipped="0" time="0.009" hostname="fundament.gibbon-snake.ts.net">
      <testcase name="echo worker reflects messages back" classname="Worker — basic messaging" time="0.002818" file="tests/workers.test.ts" line="94" assertions="1" />
      <testcase name="sends and receives a plain object" classname="Worker — basic messaging" time="0.002291" file="tests/workers.test.ts" line="103" assertions="1" />
      <testcase name="math worker computes a + b" classname="Worker — basic messaging" time="0.002061" file="tests/workers.test.ts" line="112" assertions="1" />
      <testcase name="receives multiple messages in order" classname="Worker — basic messaging" time="0.001989" file="tests/workers.test.ts" line="121" assertions="1" />
      <testcase name="postMessage with nested arrays and numbers" classname="Worker — basic messaging" time="0.002386" file="tests/workers.test.ts" line="134" assertions="1" />
    </testsuite>
    <testsuite name="Worker — lifecycle" file="tests/workers.test.ts" line="149" tests="3" assertions="3" failures="0" skipped="0" time="0.109" hostname="fundament.gibbon-snake.ts.net">
      <testcase name="threadId is a positive integer" classname="Worker — lifecycle" time="0.004929" file="tests/workers.test.ts" line="150" assertions="1" />
      <testcase name="terminate() stops a running worker" classname="Worker — lifecycle" time="0.100646" file="tests/workers.test.ts" line="157" assertions="1" />
      <testcase name="worker threadId differs from main thread (0 or 1)" classname="Worker — lifecycle" time="0.0053" file="tests/workers.test.ts" line="165" assertions="1" />
    </testsuite>
    <testsuite name="Worker — error handling" file="tests/workers.test.ts" line="178" tests="1" assertions="1" failures="0" skipped="0" time="0.002" hostname="fundament.gibbon-snake.ts.net">
      <testcase name="unhandled error fires onerror on the Worker" classname="Worker — error handling" time="0.002358" file="tests/workers.test.ts" line="179" assertions="1" />
    </testsuite>
    <testsuite name="Worker — environment" file="tests/workers.test.ts" line="193" tests="1" assertions="1" failures="0" skipped="0" time="0.002" hostname="fundament.gibbon-snake.ts.net">
      <testcase name="worker receives custom env vars" classname="Worker — environment" time="0.002264" file="tests/workers.test.ts" line="194" assertions="1" />
    </testsuite>
    <testsuite name="Worker — transferables" file="tests/workers.test.ts" line="208" tests="1" assertions="1" failures="0" skipped="0" time="0.002" hostname="fundament.gibbon-snake.ts.net">
      <testcase name="ArrayBuffer can be transferred to a worker" classname="Worker — transferables" time="0.002211" file="tests/workers.test.ts" line="209" assertions="1" />
    </testsuite>
    <testsuite name="Worker — SharedArrayBuffer" file="tests/workers.test.ts" line="224" tests="1" assertions="1" failures="0" skipped="0" time="0.002" hostname="fundament.gibbon-snake.ts.net">
      <testcase name="worker writes to a SharedArrayBuffer visible from main thread" classname="Worker — SharedArrayBuffer" time="0.002457" file="tests/workers.test.ts" line="225" assertions="1" />
    </testsuite>
  </testsuite>
  <testsuite name="tests/websocket.test.ts" file="tests/websocket.test.ts" tests="23" assertions="31" failures="0" skipped="0" time="0" hostname="fundament.gibbon-snake.ts.net">
    <testsuite name="WebSocket lifecycle" file="tests/websocket.test.ts" line="70" tests="5" assertions="5" failures="0" skipped="0" time="0.043" hostname="fundament.gibbon-snake.ts.net">
      <testcase name="client can connect and receives the open greeting" classname="WebSocket lifecycle" time="0.002055" file="tests/websocket.test.ts" line="71" assertions="1" />
      <testcase name="open handler increments server-side open counter" classname="WebSocket lifecycle" time="0.000423" file="tests/websocket.test.ts" line="79" assertions="1" />
      <testcase name="server.pendingWebSockets increments when a socket opens" classname="WebSocket lifecycle" time="0.020808" file="tests/websocket.test.ts" line="88" assertions="1" />
      <testcase name="close handler receives the close code from client.close()" classname="WebSocket lifecycle" time="0.021744" file="tests/websocket.test.ts" line="97" assertions="1" />
      <testcase name="close event fires on the client after ws.close()" classname="WebSocket lifecycle" time="0.000611" file="tests/websocket.test.ts" line="108" assertions="1" />
    </testsuite>
    <testsuite name="message exchange" file="tests/websocket.test.ts" line="120" tests="6" assertions="8" failures="0" skipped="0" time="0" hostname="fundament.gibbon-snake.ts.net">
      <testcase name="string message is echoed back correctly" classname="message exchange" time="0.000627" file="tests/websocket.test.ts" line="121" assertions="1" />
      <testcase name="multiple sequential messages are echoed in order" classname="message exchange" time="0.000993" file="tests/websocket.test.ts" line="130" assertions="1" />
      <testcase name="empty string message is echoed back" classname="message exchange" time="0.000672" file="tests/websocket.test.ts" line="144" assertions="1" />
      <testcase name="binary (Uint8Array) message round-trips correctly" classname="message exchange" time="0.000626" file="tests/websocket.test.ts" line="153" assertions="2" />
      <testcase name="ArrayBuffer message round-trips correctly" classname="message exchange" time="0.000606" file="tests/websocket.test.ts" line="166" assertions="2" />
      <testcase name="large string message is echoed back intact" classname="message exchange" time="0.000646" file="tests/websocket.test.ts" line="179" assertions="1" />
    </testsuite>
    <testsuite name="ws.send() backpressure indicator" file="tests/websocket.test.ts" line="193" tests="1" assertions="2" failures="0" skipped="0" time="0.023" hostname="fundament.gibbon-snake.ts.net">
      <testcase name="send() returns a non-negative integer" classname="ws.send() backpressure indicator" time="0.023541" file="tests/websocket.test.ts" line="194" assertions="2" />
    </testsuite>
    <testsuite name="contextual data (ws.data)" file="tests/websocket.test.ts" line="226" tests="2" assertions="4" failures="0" skipped="0" time="0" hostname="fundament.gibbon-snake.ts.net">
      <testcase name="ws.data carries userId from the upgrade call" classname="contextual data (ws.data)" time="0.00071" file="tests/websocket.test.ts" line="259" assertions="2" />
      <testcase name="multiple connections carry independent data" classname="contextual data (ws.data)" time="0.000857" file="tests/websocket.test.ts" line="269" assertions="2" />
    </testsuite>
    <testsuite name="pub/sub" file="tests/websocket.test.ts" line="285" tests="7" assertions="10" failures="0" skipped="0" time="0.023" hostname="fundament.gibbon-snake.ts.net">
      <testcase name="subscribe confirmation is received on open" classname="pub/sub" time="0.000773" file="tests/websocket.test.ts" line="330" assertions="1" />
      <testcase name="ws.isSubscribed() returns true after subscribing" classname="pub/sub" time="0.000666" file="tests/websocket.test.ts" line="337" assertions="1" />
      <testcase name="ws.isSubscribed() returns false for an unrelated topic" classname="pub/sub" time="0.000634" file="tests/websocket.test.ts" line="346" assertions="1" />
      <testcase name="ws.subscriptions includes the active topic" classname="pub/sub" time="0.000604" file="tests/websocket.test.ts" line="355" assertions="1" />
      <testcase name="ws.publish() delivers message to other subscribers but not self" classname="pub/sub" time="0.001028" file="tests/websocket.test.ts" line="366" assertions="1" />
      <testcase name="server.publish() broadcasts to all subscribers of a topic" classname="pub/sub" time="0.001032" file="tests/websocket.test.ts" line="383" assertions="2" />
      <testcase name="server.subscriberCount() reflects live subscription count" classname="pub/sub" time="0.021636" file="tests/websocket.test.ts" line="402" assertions="3" />
    </testsuite>
    <testsuite name="perMessageDeflate compression" file="tests/websocket.test.ts" line="419" tests="1" assertions="1" failures="0" skipped="0" time="0.002" hostname="fundament.gibbon-snake.ts.net">
      <testcase name="messages are received correctly when perMessageDeflate is enabled" classname="perMessageDeflate compression" time="0.00224" file="tests/websocket.test.ts" line="420" assertions="1" />
    </testsuite>
    <testsuite name="custom upgrade headers" file="tests/websocket.test.ts" line="452" tests="1" assertions="1" failures="0" skipped="0" time="0.002" hostname="fundament.gibbon-snake.ts.net">
      <testcase name="Set-Cookie header is returned in the 101 upgrade response" classname="custom upgrade headers" time="0.002002" file="tests/websocket.test.ts" line="453" assertions="1" />
    </testsuite>
  </testsuite>
  <testsuite name="tests/hashing.test.ts" file="tests/hashing.test.ts" tests="42" assertions="49" failures="0" skipped="0" time="0" hostname="fundament.gibbon-snake.ts.net">
    <testsuite name="Bun.hash — non-cryptographic hashes" file="tests/hashing.test.ts" line="8" tests="18" assertions="18" failures="0" skipped="0" time="0" hostname="fundament.gibbon-snake.ts.net">
      <testcase name="Bun.hash(string) returns a number or bigint" classname="Bun.hash — non-cryptographic hashes" time="0" file="tests/hashing.test.ts" line="9" assertions="1" />
      <testcase name="same input always produces same hash" classname="Bun.hash — non-cryptographic hashes" time="0" file="tests/hashing.test.ts" line="14" assertions="1" />
      <testcase name="different inputs produce different hashes" classname="Bun.hash — non-cryptographic hashes" time="0" file="tests/hashing.test.ts" line="18" assertions="1" />
      <testcase name="Bun.hash accepts Uint8Array" classname="Bun.hash — non-cryptographic hashes" time="0.000175" file="tests/hashing.test.ts" line="22" assertions="1" />
      <testcase name="Bun.hash accepts ArrayBuffer" classname="Bun.hash — non-cryptographic hashes" time="0" file="tests/hashing.test.ts" line="28" assertions="1" />
      <testcase name="hash.wyhash returns bigint" classname="Bun.hash — non-cryptographic hashes" time="0" file="tests/hashing.test.ts" line="34" assertions="1" />
      <testcase name="hash.wyhash is deterministic" classname="Bun.hash — non-cryptographic hashes" time="0.000042" file="tests/hashing.test.ts" line="39" assertions="1" />
      <testcase name="hash.adler32 returns a number" classname="Bun.hash — non-cryptographic hashes" time="0.00001" file="tests/hashing.test.ts" line="43" assertions="1" />
      <testcase name="hash.crc32 returns a number" classname="Bun.hash — non-cryptographic hashes" time="0" file="tests/hashing.test.ts" line="47" assertions="1" />
      <testcase name="hash.crc32 is deterministic" classname="Bun.hash — non-cryptographic hashes" time="0" file="tests/hashing.test.ts" line="51" assertions="1" />
      <testcase name="hash.cityHash32 returns a number" classname="Bun.hash — non-cryptographic hashes" time="0" file="tests/hashing.test.ts" line="55" assertions="1" />
      <testcase name="hash.cityHash64 returns bigint" classname="Bun.hash — non-cryptographic hashes" time="0" file="tests/hashing.test.ts" line="59" assertions="1" />
      <testcase name="hash.xxHash32 returns a number" classname="Bun.hash — non-cryptographic hashes" time="0.000042" file="tests/hashing.test.ts" line="63" assertions="1" />
      <testcase name="hash.xxHash64 returns bigint" classname="Bun.hash — non-cryptographic hashes" time="0.000007" file="tests/hashing.test.ts" line="67" assertions="1" />
      <testcase name="hash.xxHash3 returns bigint" classname="Bun.hash — non-cryptographic hashes" time="0" file="tests/hashing.test.ts" line="71" assertions="1" />
      <testcase name="hash.murmur32v3 returns a number" classname="Bun.hash — non-cryptographic hashes" time="0" file="tests/hashing.test.ts" line="75" assertions="1" />
      <testcase name="hash.rapidhash returns bigint" classname="Bun.hash — non-cryptographic hashes" time="0" file="tests/hashing.test.ts" line="79" assertions="1" />
      <testcase name="seed changes the wyhash output" classname="Bun.hash — non-cryptographic hashes" time="0.000042" file="tests/hashing.test.ts" line="83" assertions="1" />
    </testsuite>
    <testsuite name="Bun.CryptoHasher — SHA / Blake / etc." file="tests/hashing.test.ts" line="94" tests="16" assertions="22" failures="0" skipped="0" time="0" hostname="fundament.gibbon-snake.ts.net">
      <testcase name="sha256 hex digest has 64 hex chars" classname="Bun.CryptoHasher — SHA / Blake / etc." time="0.000005" file="tests/hashing.test.ts" line="95" assertions="2" />
      <testcase name="sha256 is deterministic" classname="Bun.CryptoHasher — SHA / Blake / etc." time="0" file="tests/hashing.test.ts" line="102" assertions="1" />
      <testcase name="sha256 known vector" classname="Bun.CryptoHasher — SHA / Blake / etc." time="0.000084" file="tests/hashing.test.ts" line="108" assertions="1" />
      <testcase name="sha1 hex digest has 40 chars" classname="Bun.CryptoHasher — SHA / Blake / etc." time="0.000008" file="tests/hashing.test.ts" line="114" assertions="1" />
      <testcase name="sha512 hex digest has 128 chars" classname="Bun.CryptoHasher — SHA / Blake / etc." time="0" file="tests/hashing.test.ts" line="119" assertions="1" />
      <testcase name="md5 hex digest has 32 chars" classname="Bun.CryptoHasher — SHA / Blake / etc." time="0" file="tests/hashing.test.ts" line="124" assertions="1" />
      <testcase name="blake2b256 hex digest has 64 chars" classname="Bun.CryptoHasher — SHA / Blake / etc." time="0.000048" file="tests/hashing.test.ts" line="129" assertions="1" />
      <testcase name="digest() without encoding returns Buffer" classname="Bun.CryptoHasher — SHA / Blake / etc." time="0" file="tests/hashing.test.ts" line="134" assertions="2" />
      <testcase name="digest(&apos;base64&apos;) returns a non-empty base64 string" classname="Bun.CryptoHasher — SHA / Blake / etc." time="0" file="tests/hashing.test.ts" line="140" assertions="2" />
      <testcase name="chained .update() calls accumulate data" classname="Bun.CryptoHasher — SHA / Blake / etc." time="0.000006" file="tests/hashing.test.ts" line="146" assertions="1" />
      <testcase name=".copy() produces an independent hasher" classname="Bun.CryptoHasher — SHA / Blake / etc." time="0" file="tests/hashing.test.ts" line="152" assertions="1" />
      <testcase name="CryptoHasher.hash() static helper returns Buffer" classname="Bun.CryptoHasher — SHA / Blake / etc." time="0" file="tests/hashing.test.ts" line="161" assertions="2" />
      <testcase name="HMAC mode with sha256 produces different output than plain sha256" classname="Bun.CryptoHasher — SHA / Blake / etc." time="0.000047" file="tests/hashing.test.ts" line="167" assertions="1" />
      <testcase name="HMAC is deterministic with same key" classname="Bun.CryptoHasher — SHA / Blake / etc." time="0" file="tests/hashing.test.ts" line="173" assertions="1" />
      <testcase name=".algorithm property reflects the chosen algorithm" classname="Bun.CryptoHasher — SHA / Blake / etc." time="0" file="tests/hashing.test.ts" line="179" assertions="1" />
      <testcase name=".byteLength reflects output size" classname="Bun.CryptoHasher — SHA / Blake / etc." time="0.000047" file="tests/hashing.test.ts" line="184" assertions="3" />
    </testsuite>
    <testsuite name="Bun.password — argon2" file="tests/hashing.test.ts" line="195" tests="5" assertions="6" failures="0" skipped="0" time="0.562" hostname="fundament.gibbon-snake.ts.net">
      <testcase name="hash returns a string starting with $argon2" classname="Bun.password — argon2" time="0.069201" file="tests/hashing.test.ts" line="196" assertions="1" />
      <testcase name="verify returns true for correct password" classname="Bun.password — argon2" time="0.108497" file="tests/hashing.test.ts" line="201" assertions="1" />
      <testcase name="verify returns false for wrong password" classname="Bun.password — argon2" time="0.109613" file="tests/hashing.test.ts" line="206" assertions="1" />
      <testcase name="two hashes of the same password differ (salted)" classname="Bun.password — argon2" time="0.110976" file="tests/hashing.test.ts" line="211" assertions="1" />
      <testcase name="hashSync + verifySync work synchronously" classname="Bun.password — argon2" time="0.166256" file="tests/hashing.test.ts" line="217" assertions="2" />
    </testsuite>
    <testsuite name="Bun.password — bcrypt" file="tests/hashing.test.ts" line="224" tests="3" assertions="3" failures="0" skipped="0" time="0.297" hostname="fundament.gibbon-snake.ts.net">
      <testcase name="bcrypt hash starts with $2" classname="Bun.password — bcrypt" time="0.059922" file="tests/hashing.test.ts" line="225" assertions="1" />
      <testcase name="bcrypt verify returns true for correct password" classname="Bun.password — bcrypt" time="0.119999" file="tests/hashing.test.ts" line="230" assertions="1" />
      <testcase name="bcrypt verify returns false for wrong password" classname="Bun.password — bcrypt" time="0.119551" file="tests/hashing.test.ts" line="235" assertions="1" />
    </testsuite>
  </testsuite>
  <testsuite name="tests/utilities.test.ts" file="tests/utilities.test.ts" tests="62" assertions="91" failures="0" skipped="0" time="0" hostname="fundament.gibbon-snake.ts.net">
    <testsuite name="Bun.sleep / Bun.sleepSync" file="tests/utilities.test.ts" line="7" tests="4" assertions="4" failures="0" skipped="0" time="0.046" hostname="fundament.gibbon-snake.ts.net">
      <testcase name="sleep(ms) returns a Promise that resolves" classname="Bun.sleep / Bun.sleepSync" time="0.001159" file="tests/utilities.test.ts" line="8" assertions="2" />
      <testcase name="sleep(0) resolves immediately" classname="Bun.sleep / Bun.sleepSync" time="0.000045" file="tests/utilities.test.ts" line="14" assertions="0" />
      <testcase name="sleep takes approximately the requested time" classname="Bun.sleep / Bun.sleepSync" time="0.020945" file="tests/utilities.test.ts" line="18" assertions="1" />
      <testcase name="sleepSync blocks synchronously" classname="Bun.sleep / Bun.sleepSync" time="0.025087" file="tests/utilities.test.ts" line="25" assertions="1" />
    </testsuite>
    <testsuite name="Bun.nanoseconds" file="tests/utilities.test.ts" line="37" tests="3" assertions="4" failures="0" skipped="0" time="0.001" hostname="fundament.gibbon-snake.ts.net">
      <testcase name="returns a number" classname="Bun.nanoseconds" time="0.000017" file="tests/utilities.test.ts" line="38" assertions="1" />
      <testcase name="increases over time" classname="Bun.nanoseconds" time="0.001605" file="tests/utilities.test.ts" line="42" assertions="1" />
      <testcase name="two successive calls differ" classname="Bun.nanoseconds" time="0.000038" file="tests/utilities.test.ts" line="49" assertions="2" />
    </testsuite>
    <testsuite name="Bun.deepEquals" file="tests/utilities.test.ts" line="62" tests="8" assertions="14" failures="0" skipped="0" time="0" hostname="fundament.gibbon-snake.ts.net">
      <testcase name="equal primitives return true" classname="Bun.deepEquals" time="0.00001" file="tests/utilities.test.ts" line="63" assertions="3" />
      <testcase name="unequal primitives return false" classname="Bun.deepEquals" time="0.000043" file="tests/utilities.test.ts" line="69" assertions="2" />
      <testcase name="deeply equal objects return true" classname="Bun.deepEquals" time="0.000025" file="tests/utilities.test.ts" line="74" assertions="1" />
      <testcase name="structurally different objects return false" classname="Bun.deepEquals" time="0.000005" file="tests/utilities.test.ts" line="78" assertions="2" />
      <testcase name="equal arrays return true" classname="Bun.deepEquals" time="0.000024" file="tests/utilities.test.ts" line="83" assertions="1" />
      <testcase name="arrays of different length return false" classname="Bun.deepEquals" time="0.000008" file="tests/utilities.test.ts" line="87" assertions="1" />
      <testcase name="strict mode distinguishes 0 and -0" classname="Bun.deepEquals" time="0.000024" file="tests/utilities.test.ts" line="91" assertions="3" />
      <testcase name="nested objects with same values are equal" classname="Bun.deepEquals" time="0.00002" file="tests/utilities.test.ts" line="98" assertions="1" />
    </testsuite>
    <testsuite name="Bun.deepMatch" file="tests/utilities.test.ts" line="109" tests="4" assertions="4" failures="0" skipped="0" time="0" hostname="fundament.gibbon-snake.ts.net">
      <testcase name="subset matches superset" classname="Bun.deepMatch" time="0.000016" file="tests/utilities.test.ts" line="110" assertions="1" />
      <testcase name="superset does not match subset" classname="Bun.deepMatch" time="0.000013" file="tests/utilities.test.ts" line="114" assertions="1" />
      <testcase name="exact match returns true" classname="Bun.deepMatch" time="0" file="tests/utilities.test.ts" line="118" assertions="1" />
      <testcase name="mismatched value returns false" classname="Bun.deepMatch" time="0.000028" file="tests/utilities.test.ts" line="122" assertions="1" />
    </testsuite>
    <testsuite name="Bun.inspect" file="tests/utilities.test.ts" line="131" tests="6" assertions="11" failures="0" skipped="0" time="0" hostname="fundament.gibbon-snake.ts.net">
      <testcase name="returns a string" classname="Bun.inspect" time="0.000058" file="tests/utilities.test.ts" line="132" assertions="1" />
      <testcase name="includes object keys" classname="Bun.inspect" time="0.000024" file="tests/utilities.test.ts" line="136" assertions="2" />
      <testcase name="handles arrays" classname="Bun.inspect" time="0.000026" file="tests/utilities.test.ts" line="142" assertions="3" />
      <testcase name="handles null and undefined" classname="Bun.inspect" time="0.000012" file="tests/utilities.test.ts" line="149" assertions="2" />
      <testcase name="depth option limits nesting" classname="Bun.inspect" time="0.000029" file="tests/utilities.test.ts" line="154" assertions="1" />
      <testcase name="inspect.table returns a string" classname="Bun.inspect" time="0" file="tests/utilities.test.ts" line="160" assertions="2" />
    </testsuite>
    <testsuite name="Bun.escapeHTML" file="tests/utilities.test.ts" line="171" tests="6" assertions="6" failures="0" skipped="0" time="0" hostname="fundament.gibbon-snake.ts.net">
      <testcase name="escapes &lt; and &gt;" classname="Bun.escapeHTML" time="0.000042" file="tests/utilities.test.ts" line="172" assertions="1" />
      <testcase name="escapes &amp;" classname="Bun.escapeHTML" time="0" file="tests/utilities.test.ts" line="176" assertions="1" />
      <testcase name="escapes double quotes" classname="Bun.escapeHTML" time="0" file="tests/utilities.test.ts" line="180" assertions="1" />
      <testcase name="escapes single quotes" classname="Bun.escapeHTML" time="0.000049" file="tests/utilities.test.ts" line="184" assertions="1" />
      <testcase name="plain text is unchanged" classname="Bun.escapeHTML" time="0" file="tests/utilities.test.ts" line="188" assertions="1" />
      <testcase name="accepts numbers" classname="Bun.escapeHTML" time="0" file="tests/utilities.test.ts" line="192" assertions="1" />
    </testsuite>
    <testsuite name="Bun.color" file="tests/utilities.test.ts" line="201" tests="6" assertions="11" failures="0" skipped="0" time="0" hostname="fundament.gibbon-snake.ts.net">
      <testcase name="parses named color to hex" classname="Bun.color" time="0.000086" file="tests/utilities.test.ts" line="202" assertions="1" />
      <testcase name="parses hex color to rgb object" classname="Bun.color" time="0.000044" file="tests/utilities.test.ts" line="207" assertions="4" />
      <testcase name="parses hex color to [rgb] array" classname="Bun.color" time="0" file="tests/utilities.test.ts" line="215" assertions="1" />
      <testcase name="returns null for invalid color" classname="Bun.color" time="0" file="tests/utilities.test.ts" line="220" assertions="1" />
      <testcase name="parses rgb() string" classname="Bun.color" time="0.000049" file="tests/utilities.test.ts" line="225" assertions="3" />
      <testcase name="number output format" classname="Bun.color" time="0.000024" file="tests/utilities.test.ts" line="232" assertions="1" />
    </testsuite>
    <testsuite name="Bun.semver" file="tests/utilities.test.ts" line="242" tests="7" assertions="9" failures="0" skipped="0" time="0" hostname="fundament.gibbon-snake.ts.net">
      <testcase name="satisfies: exact version matches" classname="Bun.semver" time="0.000027" file="tests/utilities.test.ts" line="243" assertions="1" />
      <testcase name="satisfies: caret range" classname="Bun.semver" time="0.000016" file="tests/utilities.test.ts" line="247" assertions="2" />
      <testcase name="satisfies: tilde range" classname="Bun.semver" time="0.000022" file="tests/utilities.test.ts" line="252" assertions="2" />
      <testcase name="satisfies: wildcard" classname="Bun.semver" time="0.000009" file="tests/utilities.test.ts" line="257" assertions="1" />
      <testcase name="order: equal versions return 0" classname="Bun.semver" time="0.000005" file="tests/utilities.test.ts" line="261" assertions="1" />
      <testcase name="order: greater version returns 1" classname="Bun.semver" time="0" file="tests/utilities.test.ts" line="265" assertions="1" />
      <testcase name="order: lesser version returns -1" classname="Bun.semver" time="0" file="tests/utilities.test.ts" line="269" assertions="1" />
    </testsuite>
    <testsuite name="Bun.which" file="tests/utilities.test.ts" line="278" tests="3" assertions="4" failures="0" skipped="0" time="0" hostname="fundament.gibbon-snake.ts.net">
      <testcase name="finds common executables like &apos;ls&apos;" classname="Bun.which" time="0.000307" file="tests/utilities.test.ts" line="279" assertions="2" />
      <testcase name="returns null for non-existent command" classname="Bun.which" time="0.000045" file="tests/utilities.test.ts" line="285" assertions="1" />
      <testcase name="finds &apos;bun&apos; itself" classname="Bun.which" time="0.000073" file="tests/utilities.test.ts" line="289" assertions="1" />
    </testsuite>
    <testsuite name="Bun.pathToFileURL / Bun.fileURLToPath" file="tests/utilities.test.ts" line="299" tests="3" assertions="5" failures="0" skipped="0" time="0" hostname="fundament.gibbon-snake.ts.net">
      <testcase name="pathToFileURL returns a URL with file:// scheme" classname="Bun.pathToFileURL / Bun.fileURLToPath" time="0.000009" file="tests/utilities.test.ts" line="304" assertions="3" />
      <testcase name="fileURLToPath converts URL back to path" classname="Bun.pathToFileURL / Bun.fileURLToPath" time="0" file="tests/utilities.test.ts" line="311" assertions="1" />
      <testcase name="roundtrip path → URL → path" classname="Bun.pathToFileURL / Bun.fileURLToPath" time="0.000062" file="tests/utilities.test.ts" line="317" assertions="1" />
    </testsuite>
    <testsuite name="Bun.peek" file="tests/utilities.test.ts" line="328" tests="4" assertions="4" failures="0" skipped="0" time="0" hostname="fundament.gibbon-snake.ts.net">
      <testcase name="peek on already-resolved promise returns the value" classname="Bun.peek" time="0.000049" file="tests/utilities.test.ts" line="329" assertions="1" />
      <testcase name="peek.status on resolved promise returns &apos;fulfilled&apos;" classname="Bun.peek" time="0.000059" file="tests/utilities.test.ts" line="337" assertions="1" />
      <testcase name="peek.status on pending promise returns &apos;pending&apos;" classname="Bun.peek" time="0.00005" file="tests/utilities.test.ts" line="343" assertions="1" />
      <testcase name="peek.status on rejected promise returns &apos;rejected&apos;" classname="Bun.peek" time="0.000048" file="tests/utilities.test.ts" line="348" assertions="1" />
    </testsuite>
    <testsuite name="Bun runtime metadata" file="tests/utilities.test.ts" line="361" tests="4" assertions="6" failures="0" skipped="0" time="0" hostname="fundament.gibbon-snake.ts.net">
      <testcase name="Bun.version is a semver string" classname="Bun runtime metadata" time="0.000053" file="tests/utilities.test.ts" line="362" assertions="2" />
      <testcase name="Bun.revision is a non-empty string" classname="Bun runtime metadata" time="0" file="tests/utilities.test.ts" line="367" assertions="2" />
      <testcase name="Bun.env is the process environment" classname="Bun runtime metadata" time="0" file="tests/utilities.test.ts" line="372" assertions="1" />
      <testcase name="process.env.PATH is defined" classname="Bun runtime metadata" time="0.000048" file="tests/utilities.test.ts" line="376" assertions="1" />
    </testsuite>
    <testsuite name="structuredClone" file="tests/utilities.test.ts" line="385" tests="4" assertions="9" failures="0" skipped="0" time="0" hostname="fundament.gibbon-snake.ts.net">
      <testcase name="clones a plain object" classname="structuredClone" time="0.000048" file="tests/utilities.test.ts" line="386" assertions="3" />
      <testcase name="clones arrays" classname="structuredClone" time="0" file="tests/utilities.test.ts" line="394" assertions="2" />
      <testcase name="clones Date objects" classname="structuredClone" time="0.000043" file="tests/utilities.test.ts" line="401" assertions="2" />
      <testcase name="clones Map and Set" classname="structuredClone" time="0.000008" file="tests/utilities.test.ts" line="408" assertions="2" />
    </testsuite>
  </testsuite>
  <testsuite name="tests/http-server.test.ts" file="tests/http-server.test.ts" tests="30" assertions="53" failures="0" skipped="0" time="0" hostname="fundament.gibbon-snake.ts.net">
    <testsuite name="server lifecycle" file="tests/http-server.test.ts" line="121" tests="3" assertions="5" failures="0" skipped="0" time="0" hostname="fundament.gibbon-snake.ts.net">
      <testcase name="server.url is a valid URL" classname="server lifecycle" time="0.00003" file="tests/http-server.test.ts" line="122" assertions="2" />
      <testcase name="server.port is a positive integer" classname="server lifecycle" time="0.000021" file="tests/http-server.test.ts" line="128" assertions="2" />
      <testcase name="server.pendingRequests is a non-negative number" classname="server lifecycle" time="0.000017" file="tests/http-server.test.ts" line="133" assertions="1" />
    </testsuite>
    <testsuite name="static routes" file="tests/http-server.test.ts" line="142" tests="3" assertions="6" failures="0" skipped="0" time="0" hostname="fundament.gibbon-snake.ts.net">
      <testcase name="GET /health returns 200 OK" classname="static routes" time="0.000605" file="tests/http-server.test.ts" line="143" assertions="2" />
      <testcase name="GET /api/static-json returns pre-built JSON" classname="static routes" time="0.000194" file="tests/http-server.test.ts" line="149" assertions="3" />
      <testcase name="unmatched route falls through to fetch() handler with 404" classname="static routes" time="0.000207" file="tests/http-server.test.ts" line="157" assertions="1" />
    </testsuite>
    <testsuite name="parameterised routes" file="tests/http-server.test.ts" line="167" tests="3" assertions="5" failures="0" skipped="0" time="0" hostname="fundament.gibbon-snake.ts.net">
      <testcase name="single param :id is captured correctly" classname="parameterised routes" time="0.000195" file="tests/http-server.test.ts" line="168" assertions="2" />
      <testcase name="multiple params :org and :repo are captured correctly" classname="parameterised routes" time="0.000195" file="tests/http-server.test.ts" line="175" assertions="2" />
      <testcase name="URL-encoded param is decoded" classname="parameterised routes" time="0.000161" file="tests/http-server.test.ts" line="182" assertions="1" />
    </testsuite>
    <testsuite name="HTTP verb routing" file="tests/http-server.test.ts" line="193" tests="5" assertions="12" failures="0" skipped="0" time="0" hostname="fundament.gibbon-snake.ts.net">
      <testcase name="GET /api/items returns array" classname="HTTP verb routing" time="0.000188" file="tests/http-server.test.ts" line="194" assertions="3" />
      <testcase name="POST /api/items creates resource with 201" classname="HTTP verb routing" time="0.000289" file="tests/http-server.test.ts" line="202" assertions="3" />
      <testcase name="PUT /api/items updates resource" classname="HTTP verb routing" time="0.000221" file="tests/http-server.test.ts" line="214" assertions="2" />
      <testcase name="DELETE /api/items returns 204 No Content" classname="HTTP verb routing" time="0.000174" file="tests/http-server.test.ts" line="225" assertions="1" />
      <testcase name="PATCH /api/items partially updates resource" classname="HTTP verb routing" time="0.000203" file="tests/http-server.test.ts" line="230" assertions="3" />
    </testsuite>
    <testsuite name="request body parsing" file="tests/http-server.test.ts" line="247" tests="5" assertions="7" failures="0" skipped="0" time="0" hostname="fundament.gibbon-snake.ts.net">
      <testcase name="JSON body is parsed correctly" classname="request body parsing" time="0.000238" file="tests/http-server.test.ts" line="248" assertions="1" />
      <testcase name="plain text body is echoed back" classname="request body parsing" time="0.00021" file="tests/http-server.test.ts" line="258" assertions="1" />
      <testcase name="FormData body fields are parsed" classname="request body parsing" time="0.000279" file="tests/http-server.test.ts" line="267" assertions="2" />
      <testcase name="application/x-www-form-urlencoded body is parsed" classname="request body parsing" time="0.000241" file="tests/http-server.test.ts" line="277" assertions="2" />
      <testcase name="ArrayBuffer body round-trips correctly" classname="request body parsing" time="0.000212" file="tests/http-server.test.ts" line="288" assertions="1" />
    </testsuite>
    <testsuite name="file streaming" file="tests/http-server.test.ts" line="304" tests="2" assertions="3" failures="0" skipped="0" time="0" hostname="fundament.gibbon-snake.ts.net">
      <testcase name="BunFile is streamed as response body" classname="file streaming" time="0.000257" file="tests/http-server.test.ts" line="305" assertions="2" />
      <testcase name="streamed file has a content-type header" classname="file streaming" time="0.000161" file="tests/http-server.test.ts" line="312" assertions="1" />
    </testsuite>
    <testsuite name="response streaming" file="tests/http-server.test.ts" line="322" tests="1" assertions="2" failures="0" skipped="0" time="0" hostname="fundament.gibbon-snake.ts.net">
      <testcase name="async generator streams chunks in order" classname="response streaming" time="0.000637" file="tests/http-server.test.ts" line="323" assertions="2" />
    </testsuite>
    <testsuite name="server-sent events" file="tests/http-server.test.ts" line="335" tests="2" assertions="3" failures="0" skipped="0" time="0" hostname="fundament.gibbon-snake.ts.net">
      <testcase name="SSE endpoint returns text/event-stream content-type" classname="server-sent events" time="0.000205" file="tests/http-server.test.ts" line="336" assertions="1" />
      <testcase name="SSE response body contains valid event frames" classname="server-sent events" time="0.000143" file="tests/http-server.test.ts" line="341" assertions="2" />
    </testsuite>
    <testsuite name="wildcard routes" file="tests/http-server.test.ts" line="353" tests="1" assertions="2" failures="0" skipped="0" time="0" hostname="fundament.gibbon-snake.ts.net">
      <testcase name="/api/* catches unmatched paths under /api/" classname="wildcard routes" time="0.00015" file="tests/http-server.test.ts" line="354" assertions="2" />
    </testsuite>
    <testsuite name="error handler" file="tests/http-server.test.ts" line="365" tests="1" assertions="2" failures="0" skipped="0" time="0.001" hostname="fundament.gibbon-snake.ts.net">
      <testcase name="thrown error in route invokes the error() callback" classname="error handler" time="0.001978" file="tests/http-server.test.ts" line="366" assertions="2" />
    </testsuite>
    <testsuite name="server metrics" file="tests/http-server.test.ts" line="397" tests="3" assertions="4" failures="0" skipped="0" time="0.001" hostname="fundament.gibbon-snake.ts.net">
      <testcase name="server.pendingWebSockets starts at 0" classname="server metrics" time="0.000009" file="tests/http-server.test.ts" line="398" assertions="1" />
      <testcase name="server.subscriberCount returns 0 for unknown topic" classname="server metrics" time="0.000015" file="tests/http-server.test.ts" line="402" assertions="1" />
      <testcase name="server.requestIP returns null or SocketAddress for a request" classname="server metrics" time="0.001832" file="tests/http-server.test.ts" line="406" assertions="2" />
    </testsuite>
    <testsuite name="server.reload()" file="tests/http-server.test.ts" line="434" tests="1" assertions="2" failures="0" skipped="0" time="0.001" hostname="fundament.gibbon-snake.ts.net">
      <testcase name="routes can be hot-swapped without restarting the server" classname="server.reload()" time="0.001203" file="tests/http-server.test.ts" line="435" assertions="2" />
    </testsuite>
  </testsuite>
[...]
      <testcase name="class selector .foo matches by class" classname="HTMLRewriter — multiple selectors" time="0.000051" file="tests/htmlrewriter.test.ts" line="300" assertions="1" />
    </testsuite>
    <testsuite name="HTMLRewriter — onDocument()" file="tests/htmlrewriter.test.ts" line="318" tests="3" assertions="3" failures="0" skipped="0" time="0" hostname="fundament.gibbon-snake.ts.net">
      <testcase name="end handler fires at document end" classname="HTMLRewriter — onDocument()" time="0.000006" file="tests/htmlrewriter.test.ts" line="319" assertions="1" />
      <testcase name="end.append adds content after document" classname="HTMLRewriter — onDocument()" time="0.000051" file="tests/htmlrewriter.test.ts" line="332" assertions="1" />
      <testcase name="doctype handler receives name" classname="HTMLRewriter — onDocument()" time="0" file="tests/htmlrewriter.test.ts" line="344" assertions="1" />
    </testsuite>
    <testsuite name="HTMLRewriter — transform(Response)" file="tests/htmlrewriter.test.ts" line="362" tests="2" assertions="2" failures="0" skipped="0" time="0" hostname="fundament.gibbon-snake.ts.net">
      <testcase name="transform(Response) returns a Response" classname="HTMLRewriter — transform(Response)" time="0.000066" file="tests/htmlrewriter.test.ts" line="363" assertions="1" />
      <testcase name="transformed Response body contains mutations" classname="HTMLRewriter — transform(Response)" time="0.00005" file="tests/htmlrewriter.test.ts" line="377" assertions="1" />
    </testsuite>
  </testsuite>
  <testsuite name="tests/sqlite.test.ts" file="tests/sqlite.test.ts" tests="56" assertions="77" failures="0" skipped="0" time="0" hostname="fundament.gibbon-snake.ts.net">
    <testsuite name="Database constructor" file="tests/sqlite.test.ts" line="27" tests="5" assertions="6" failures="0" skipped="0" time="0.001" hostname="fundament.gibbon-snake.ts.net">
      <testcase name="opens an in-memory database with :memory:" classname="Database constructor" time="0.00171" file="tests/sqlite.test.ts" line="28" assertions="1" />
      <testcase name="opens an in-memory database with empty string" classname="Database constructor" time="0.000075" file="tests/sqlite.test.ts" line="34" assertions="1" />
      <testcase name="opens an in-memory database with no argument" classname="Database constructor" time="0.000038" file="tests/sqlite.test.ts" line="40" assertions="1" />
      <testcase name=".close() can be called multiple times without error" classname="Database constructor" time="0.000056" file="tests/sqlite.test.ts" line="46" assertions="1" />
      <testcase name="using statement auto-closes the database" classname="Database constructor" time="0.000199" file="tests/sqlite.test.ts" line="52" assertions="2" />
    </testsuite>
    <testsuite name="basic CRUD" file="tests/sqlite.test.ts" line="68" tests="7" assertions="12" failures="0" skipped="0" time="0" hostname="fundament.gibbon-snake.ts.net">
      <testcase name=".run() INSERT returns lastInsertRowid and changes" classname="basic CRUD" time="0.000107" file="tests/sqlite.test.ts" line="77" assertions="2" />
      <testcase name=".query().get() returns the first matching row as an object" classname="basic CRUD" time="0.00019" file="tests/sqlite.test.ts" line="83" assertions="2" />
      <testcase name=".query().get() returns null when no row matches" classname="basic CRUD" time="0.000121" file="tests/sqlite.test.ts" line="90" assertions="1" />
      <testcase name=".query().all() returns all matching rows as an array of objects" classname="basic CRUD" time="0.000188" file="tests/sqlite.test.ts" line="95" assertions="3" />
      <testcase name=".query().all() returns empty array when no rows match" classname="basic CRUD" time="0.000027" file="tests/sqlite.test.ts" line="104" assertions="1" />
      <testcase name="UPDATE reflects change count in .run() result" classname="basic CRUD" time="0.000166" file="tests/sqlite.test.ts" line="109" assertions="1" />
      <testcase name="DELETE removes rows and reflects change count" classname="basic CRUD" time="0.000106" file="tests/sqlite.test.ts" line="116" assertions="2" />
    </testsuite>
    <testsuite name="prepared statements and parameters" file="tests/sqlite.test.ts" line="130" tests="12" assertions="17" failures="0" skipped="0" time="0" hostname="fundament.gibbon-snake.ts.net">
      <testcase name="named parameter with $ prefix" classname="prepared statements and parameters" time="0.000015" file="tests/sqlite.test.ts" line="139" assertions="2" />
      <testcase name="named parameter with : prefix" classname="prepared statements and parameters" time="0.000144" file="tests/sqlite.test.ts" line="147" assertions="1" />
      <testcase name="positional ? parameters" classname="prepared statements and parameters" time="0.00009" file="tests/sqlite.test.ts" line="154" assertions="1" />
      <testcase name="numbered ?1 ?2 parameters" classname="prepared statements and parameters" time="0.000086" file="tests/sqlite.test.ts" line="161" assertions="2" />
      <testcase name="statement is reusable with different parameters" classname="prepared statements and parameters" time="0.000096" file="tests/sqlite.test.ts" line="168" assertions="1" />
      <testcase name="strict mode allows binding without prefixes" classname="prepared statements and parameters" time="0.000109" file="tests/sqlite.test.ts" line="176" assertions="1" />
      <testcase name=".values() returns rows as arrays" classname="prepared statements and parameters" time="0.000138" file="tests/sqlite.test.ts" line="185" assertions="2" />
      <testcase name=".iterate() yields rows one at a time" classname="prepared statements and parameters" time="0.000209" file="tests/sqlite.test.ts" line="193" assertions="1" />
      <testcase name=".as(Class) maps rows to class instances with methods" classname="prepared statements and parameters" time="0.000117" file="tests/sqlite.test.ts" line="203" assertions="2" />
      <testcase name=".finalize() prevents further execution" classname="prepared statements and parameters" time="0.000066" file="tests/sqlite.test.ts" line="219" assertions="1" />
      <testcase name=".toString() reflects the last bound parameter values" classname="prepared statements and parameters" time="0.00014" file="tests/sqlite.test.ts" line="225" assertions="1" />
      <testcase name="columnNames is populated after .get()" classname="prepared statements and parameters" time="0.000035" file="tests/sqlite.test.ts" line="231" assertions="2" />
    </testsuite>
    <testsuite name="data type round-trips" file="tests/sqlite.test.ts" line="244" tests="8" assertions="10" failures="0" skipped="0" time="0" hostname="fundament.gibbon-snake.ts.net">
      <testcase name="TEXT stores and retrieves a string" classname="data type round-trips" time="0.000089" file="tests/sqlite.test.ts" line="254" assertions="1" />
      <testcase name="INTEGER stores and retrieves a number" classname="data type round-trips" time="0.000084" file="tests/sqlite.test.ts" line="260" assertions="1" />
      <testcase name="REAL stores and retrieves a float" classname="data type round-trips" time="0.000117" file="tests/sqlite.test.ts" line="266" assertions="1" />
      <testcase name="NULL stores and retrieves null" classname="data type round-trips" time="0.000075" file="tests/sqlite.test.ts" line="272" assertions="1" />
      <testcase name="BLOB (Uint8Array) stores and retrieves binary data" classname="data type round-trips" time="0.000071" file="tests/sqlite.test.ts" line="278" assertions="2" />
      <testcase name="Buffer stores and retrieves as Uint8Array" classname="data type round-trips" time="0.000012" file="tests/sqlite.test.ts" line="286" assertions="2" />
      <testcase name="boolean true stores as 1, retrieves as 1" classname="data type round-trips" time="0.000123" file="tests/sqlite.test.ts" line="294" assertions="1" />
      <testcase name="boolean false stores as 0, retrieves as 0" classname="data type round-trips" time="0.000074" file="tests/sqlite.test.ts" line="300" assertions="1" />
    </testsuite>
    <testsuite name="safeIntegers" file="tests/sqlite.test.ts" line="311" tests="3" assertions="4" failures="0" skipped="0" time="0" hostname="fundament.gibbon-snake.ts.net">
      <testcase name="default mode returns large integers as number (possibly imprecise)" classname="safeIntegers" time="0.000019" file="tests/sqlite.test.ts" line="312" assertions="1" />
      <testcase name="safeIntegers:true returns large integers as bigint" classname="safeIntegers" time="0.000024" file="tests/sqlite.test.ts" line="321" assertions="2" />
      <testcase name="safeIntegers:true throws when bigint exceeds 64 bits" classname="safeIntegers" time="0.000138" file="tests/sqlite.test.ts" line="330" assertions="1" />
    </testsuite>
    <testsuite name="transactions" file="tests/sqlite.test.ts" line="343" tests="7" assertions="9" failures="0" skipped="0" time="0" hostname="fundament.gibbon-snake.ts.net">
      <testcase name="transaction commits on success" classname="transactions" time="0.000028" file="tests/sqlite.test.ts" line="352" assertions="2" />
      <testcase name="transaction rolls back on error" classname="transactions" time="0.000306" file="tests/sqlite.test.ts" line="368" assertions="2" />
      <testcase name="transaction return value is propagated" classname="transactions" time="0.000275" file="tests/sqlite.test.ts" line="381" assertions="1" />
      <testcase name="nested transactions use savepoints" classname="transactions" time="0.000033" file="tests/sqlite.test.ts" line="389" assertions="1" />
      <testcase name="deferred transaction variant executes successfully" classname="transactions" time="0.000215" file="tests/sqlite.test.ts" line="403" assertions="1" />
      <testcase name="immediate transaction variant executes successfully" classname="transactions" time="0.000065" file="tests/sqlite.test.ts" line="410" assertions="1" />
      <testcase name="exclusive transaction variant executes successfully" classname="transactions" time="0.000131" file="tests/sqlite.test.ts" line="417" assertions="1" />
    </testsuite>
    <testsuite name="pragmas and WAL mode" file="tests/sqlite.test.ts" line="429" tests="3" assertions="3" failures="0" skipped="0" time="0" hostname="fundament.gibbon-snake.ts.net">
      <testcase name="journal_mode = WAL is accepted" classname="pragmas and WAL mode" time="0.000045" file="tests/sqlite.test.ts" line="430" assertions="1" />
      <testcase name="foreign_keys pragma enables FK enforcement" classname="pragmas and WAL mode" time="0.000075" file="tests/sqlite.test.ts" line="438" assertions="1" />
      <testcase name="integrity_check returns &apos;ok&apos; on a healthy database" classname="pragmas and WAL mode" time="0.000109" file="tests/sqlite.test.ts" line="447" assertions="1" />
    </testsuite>
    <testsuite name="serialize / deserialize" file="tests/sqlite.test.ts" line="461" tests="2" assertions="3" failures="0" skipped="0" time="0" hostname="fundament.gibbon-snake.ts.net">
      <testcase name="serialize returns a Uint8Array" classname="serialize / deserialize" time="0.000112" file="tests/sqlite.test.ts" line="462" assertions="2" />
      <testcase name="deserialize reconstructs the database with its data" classname="serialize / deserialize" time="0.000187" file="tests/sqlite.test.ts" line="471" assertions="1" />
    </testsuite>
    <testsuite name="error handling" file="tests/sqlite.test.ts" line="490" tests="4" assertions="5" failures="0" skipped="0" time="0" hostname="fundament.gibbon-snake.ts.net">
      <testcase name="syntax error throws" classname="error handling" time="0.00001" file="tests/sqlite.test.ts" line="491" assertions="1" />
      <testcase name="UNIQUE constraint violation throws with SQLITE_CONSTRAINT code" classname="error handling" time="0.000123" file="tests/sqlite.test.ts" line="497" assertions="2" />
      <testcase name="NOT NULL constraint violation throws" classname="error handling" time="0.000043" file="tests/sqlite.test.ts" line="512" assertions="1" />
      <testcase name="query on a closed database throws" classname="error handling" time="0.00007" file="tests/sqlite.test.ts" line="519" assertions="1" />
    </testsuite>
    <testsuite name="Bun.SQL unified API — SQLite adapter" file="tests/sqlite.test.ts" line="530" tests="5" assertions="8" failures="0" skipped="0" time="0" hostname="fundament.gibbon-snake.ts.net">
      <testcase name="in-memory SQLite via new SQL(&apos;:memory:&apos;)" classname="Bun.SQL unified API — SQLite adapter" time="0.00062" file="tests/sqlite.test.ts" line="531" assertions="1" />
      <testcase name="parameterised queries prevent SQL injection" classname="Bun.SQL unified API — SQLite adapter" time="0.000169" file="tests/sqlite.test.ts" line="540" assertions="2" />
      <testcase name="Bun.SQL transaction commits on success" classname="Bun.SQL unified API — SQLite adapter" time="0.000522" file="tests/sqlite.test.ts" line="553" assertions="2" />
      <testcase name="Bun.SQL transaction rolls back on error" classname="Bun.SQL unified API — SQLite adapter" time="0.000353" file="tests/sqlite.test.ts" line="570" assertions="2" />
      <testcase name="Bun.SQL .values() returns arrays" classname="Bun.SQL unified API — SQLite adapter" time="0.000024" file="tests/sqlite.test.ts" line="587" assertions="1" />
    </testsuite>
  </testsuite>
  <testsuite name="tests/file-io.test.ts" file="tests/file-io.test.ts" tests="30" assertions="52" failures="0" skipped="0" time="0" hostname="fundament.gibbon-snake.ts.net">
    <testsuite name="BunFile metadata" file="tests/file-io.test.ts" line="24" tests="6" assertions="8" failures="0" skipped="0" time="0" hostname="fundament.gibbon-snake.ts.net">
      <testcase name="size is a positive integer for an existing file" classname="BunFile metadata" time="0.000034" file="tests/file-io.test.ts" line="25" assertions="2" />
      <testcase name="type returns a MIME string for a known extension" classname="BunFile metadata" time="0" file="tests/file-io.test.ts" line="31" assertions="2" />
      <testcase name="type can be overridden via options" classname="BunFile metadata" time="0.000012" file="tests/file-io.test.ts" line="38" assertions="1" />
      <testcase name="exists() returns true for a real file" classname="BunFile metadata" time="0.000045" file="tests/file-io.test.ts" line="45" assertions="1" />
      <testcase name="exists() returns false for a missing file" classname="BunFile metadata" time="0.000045" file="tests/file-io.test.ts" line="50" assertions="1" />
      <testcase name="size is 0 for a non-existent file" classname="BunFile metadata" time="0.000011" file="tests/file-io.test.ts" line="55" assertions="1" />
    </testsuite>
    <testsuite name="Bun.file() — reading" file="tests/file-io.test.ts" line="66" tests="6" assertions="15" failures="0" skipped="0" time="0" hostname="fundament.gibbon-snake.ts.net">
      <testcase name="text() reads file as a UTF-8 string" classname="Bun.file() — reading" time="0.000111" file="tests/file-io.test.ts" line="67" assertions="3" />
      <testcase name="json() parses file as JSON" classname="Bun.file() — reading" time="0.000368" file="tests/file-io.test.ts" line="75" assertions="4" />
      <testcase name="arrayBuffer() returns an ArrayBuffer with correct byte length" classname="Bun.file() — reading" time="0.000097" file="tests/file-io.test.ts" line="84" assertions="2" />
      <testcase name="bytes() returns a Uint8Array" classname="Bun.file() — reading" time="0.000098" file="tests/file-io.test.ts" line="91" assertions="3" />
      <testcase name="stream() returns a ReadableStream that yields the full content" classname="Bun.file() — reading" time="0.000268" file="tests/file-io.test.ts" line="100" assertions="2" />
      <testcase name="can create BunFile from a file:// URL" classname="Bun.file() — reading" time="0.00014" file="tests/file-io.test.ts" line="108" assertions="1" />
    </testsuite>
    <testsuite name="Bun.write()" file="tests/file-io.test.ts" line="120" tests="8" assertions="9" failures="0" skipped="0" time="0" hostname="fundament.gibbon-snake.ts.net">
      <testcase name="writes a string to disk and returns byte count" classname="Bun.write()" time="0.00023" file="tests/file-io.test.ts" line="121" assertions="2" />
      <testcase name="writes a Uint8Array to disk" classname="Bun.write()" time="0.000168" file="tests/file-io.test.ts" line="130" assertions="1" />
      <testcase name="writes an ArrayBuffer to disk" classname="Bun.write()" time="0.000211" file="tests/file-io.test.ts" line="138" assertions="1" />
      <testcase name="writes a Blob to disk" classname="Bun.write()" time="0.00019" file="tests/file-io.test.ts" line="147" assertions="1" />
      <testcase name="copies a BunFile by passing it as the source" classname="Bun.write()" time="0.000383" file="tests/file-io.test.ts" line="155" assertions="1" />
      <testcase name="overwrites an existing file" classname="Bun.write()" time="0.000216" file="tests/file-io.test.ts" line="164" assertions="1" />
      <testcase name="writes using a BunFile destination" classname="Bun.write()" time="0.000138" file="tests/file-io.test.ts" line="172" assertions="1" />
      <testcase name="writes a Response body to disk" classname="Bun.write()" time="0.000156" file="tests/file-io.test.ts" line="178" assertions="1" />
    </testsuite>
    <testsuite name="FileSink — incremental writing" file="tests/file-io.test.ts" line="191" tests="5" assertions="6" failures="0" skipped="0" time="0" hostname="fundament.gibbon-snake.ts.net">
      <testcase name="writes multiple string chunks and reads them back" classname="FileSink — incremental writing" time="0.000179" file="tests/file-io.test.ts" line="192" assertions="1" />
      <testcase name="write() returns the number of bytes buffered" classname="FileSink — incremental writing" time="0.000088" file="tests/file-io.test.ts" line="206" assertions="1" />
      <testcase name="flush() flushes the buffer and returns bytes flushed" classname="FileSink — incremental writing" time="0.000155" file="tests/file-io.test.ts" line="214" assertions="2" />
      <testcase name="writes Uint8Array chunks" classname="FileSink — incremental writing" time="0.000145" file="tests/file-io.test.ts" line="226" assertions="1" />
      <testcase name="respects a custom highWaterMark" classname="FileSink — incremental writing" time="0.000155" file="tests/file-io.test.ts" line="236" assertions="1" />
    </testsuite>
    <testsuite name="BunFile.delete()" file="tests/file-io.test.ts" line="250" tests="1" assertions="2" failures="0" skipped="0" time="0" hostname="fundament.gibbon-snake.ts.net">
      <testcase name="deletes an existing file" classname="BunFile.delete()" time="0.000199" file="tests/file-io.test.ts" line="251" assertions="2" />
    </testsuite>
    <testsuite name="Bun standard streams" file="tests/file-io.test.ts" line="264" tests="4" assertions="12" failures="0" skipped="0" time="0" hostname="fundament.gibbon-snake.ts.net">
      <testcase name="Bun.stdin is a BunFile with a numeric fd" classname="Bun standard streams" time="0.000016" file="tests/file-io.test.ts" line="265" assertions="3" />
      <testcase name="Bun.stdout is a BunFile with a stream() method" classname="Bun standard streams" time="0.000033" file="tests/file-io.test.ts" line="272" assertions="3" />
      <testcase name="Bun.stderr is a BunFile with a stream() method" classname="Bun standard streams" time="0.000009" file="tests/file-io.test.ts" line="278" assertions="3" />
      <testcase name="Bun.stdout and Bun.stderr have a MIME type" classname="Bun standard streams" time="0.000014" file="tests/file-io.test.ts" line="284" assertions="3" />
    </testsuite>
  </testsuite>
</testsuites>
