<?xml version="1.0" encoding="UTF-8"?>
<testsuites name="bun test" tests="38" assertions="42" failures="0" skipped="0" time="0.192407">
  <testsuite name="tests/shell.test.ts" file="tests/shell.test.ts" tests="38" assertions="42" failures="0" skipped="0" time="0" hostname="fundament.gibbon-snake.ts.net">
    <testsuite name="Bun.$ — basic execution" file="tests/shell.test.ts" line="20" tests="9" assertions="10" failures="0" skipped="0" time="0.01" hostname="fundament.gibbon-snake.ts.net">
      <testcase name="echo returns expected text" classname="Bun.$ — basic execution" time="0.005741" file="tests/shell.test.ts" line="21" assertions="1" />
      <testcase name="exit code 0 on success" classname="Bun.$ — basic execution" time="0.000204" file="tests/shell.test.ts" line="26" assertions="1" />
      <testcase name="exit code 1 on failure with .nothrow()" classname="Bun.$ — basic execution" time="0.000108" file="tests/shell.test.ts" line="31" assertions="1" />
      <testcase name="non-zero exit throws by default" classname="Bun.$ — basic execution" time="0.000724" file="tests/shell.test.ts" line="36" assertions="1" />
      <testcase name=".text() returns stdout as string" classname="Bun.$ — basic execution" time="0.000094" file="tests/shell.test.ts" line="46" assertions="1" />
      <testcase name=".json() parses stdout as JSON" classname="Bun.$ — basic execution" time="0.001211" file="tests/shell.test.ts" line="51" assertions="1" />
      <testcase name=".bytes() returns Uint8Array" classname="Bun.$ — basic execution" time="0.000649" file="tests/shell.test.ts" line="56" assertions="2" />
      <testcase name="multi-command pipeline" classname="Bun.$ — basic execution" time="0.003758" file="tests/shell.test.ts" line="62" assertions="1" />
      <testcase name="stderr is captured in .stderr" classname="Bun.$ — basic execution" time="0.001144" file="tests/shell.test.ts" line="67" assertions="1" />
    </testsuite>
    <testsuite name="Bun.$ — interpolation" file="tests/shell.test.ts" line="79" tests="4" assertions="4" failures="0" skipped="0" time="0" hostname="fundament.gibbon-snake.ts.net">
      <testcase name="string variable interpolated safely" classname="Bun.$ — interpolation" time="0.00048" file="tests/shell.test.ts" line="80" assertions="1" />
      <testcase name="array of args is expanded word-by-word" classname="Bun.$ — interpolation" time="0.000097" file="tests/shell.test.ts" line="86" assertions="1" />
      <testcase name="$.escape() escapes shell metacharacters" classname="Bun.$ — interpolation" time="0.000027" file="tests/shell.test.ts" line="92" assertions="1" />
      <testcase name="$.braces() expands brace patterns" classname="Bun.$ — interpolation" time="0.000201" file="tests/shell.test.ts" line="99" assertions="1" />
    </testsuite>
    <testsuite name="Bun.$ — env and cwd" file="tests/shell.test.ts" line="109" tests="4" assertions="5" failures="0" skipped="0" time="0.001" hostname="fundament.gibbon-snake.ts.net">
      <testcase name=".env() sets custom env var" classname="Bun.$ — env and cwd" time="0.000133" file="tests/shell.test.ts" line="110" assertions="1" />
      <testcase name=".cwd() changes working directory" classname="Bun.$ — env and cwd" time="0.001378" file="tests/shell.test.ts" line="118" assertions="2" />
      <testcase name="$.cwd() sets global cwd for that $ instance" classname="Bun.$ — env and cwd" time="0.000191" file="tests/shell.test.ts" line="126" assertions="1" />
      <testcase name="$.env() sets global env for that $ instance" classname="Bun.$ — env and cwd" time="0.000202" file="tests/shell.test.ts" line="132" assertions="1" />
    </testsuite>
    <testsuite name="Bun.$ — file redirection" file="tests/shell.test.ts" line="143" tests="2" assertions="2" failures="0" skipped="0" time="0.007" hostname="fundament.gibbon-snake.ts.net">
      <testcase name="redirect stdout to file with &gt; redirect" classname="Bun.$ — file redirection" time="0.00118" file="tests/shell.test.ts" line="144" assertions="1" />
      <testcase name="pipe output of one command to another via stdin()" classname="Bun.$ — file redirection" time="0.00667" file="tests/shell.test.ts" line="151" assertions="1" />
    </testsuite>
    <testsuite name="Bun.$ — error control" file="tests/shell.test.ts" line="164" tests="3" assertions="4" failures="0" skipped="0" time="0" hostname="fundament.gibbon-snake.ts.net">
      <testcase name="ShellError has exitCode and stdout/stderr" classname="Bun.$ — error control" time="0.000338" file="tests/shell.test.ts" line="165" assertions="2" />
      <testcase name="$.nothrow() suppresses throw on non-zero exit" classname="Bun.$ — error control" time="0.00022" file="tests/shell.test.ts" line="176" assertions="1" />
      <testcase name="$.throws(false) suppresses throw" classname="Bun.$ — error control" time="0.000225" file="tests/shell.test.ts" line="182" assertions="1" />
    </testsuite>
    <testsuite name="Bun.spawn" file="tests/shell.test.ts" line="193" tests="8" assertions="9" failures="0" skipped="0" time="0.02" hostname="fundament.gibbon-snake.ts.net">
      <testcase name="captures stdout via pipe" classname="Bun.spawn" time="0.003061" file="tests/shell.test.ts" line="194" assertions="2" />
      <testcase name="captures stderr via pipe" classname="Bun.spawn" time="0.005461" file="tests/shell.test.ts" line="202" assertions="1" />
      <testcase name="writes to stdin via pipe" classname="Bun.spawn" time="0.002014" file="tests/shell.test.ts" line="209" assertions="1" />
      <testcase name="exited promise resolves with exit code" classname="Bun.spawn" time="0.004443" file="tests/shell.test.ts" line="217" assertions="1" />
      <testcase name="kill() terminates the process" classname="Bun.spawn" time="0.000974" file="tests/shell.test.ts" line="223" assertions="1" />
      <testcase name="env option passes custom environment" classname="Bun.spawn" time="0.004595" file="tests/shell.test.ts" line="230" assertions="1" />
      <testcase name="cwd option sets working directory" classname="Bun.spawn" time="0.001902" file="tests/shell.test.ts" line="240" assertions="1" />
      <testcase name="pid is a positive integer" classname="Bun.spawn" time="0.001774" file="tests/shell.test.ts" line="247" assertions="1" />
    </testsuite>
    <testsuite name="Bun.spawnSync" file="tests/shell.test.ts" line="258" tests="8" assertions="8" failures="0" skipped="0" time="0.015" hostname="fundament.gibbon-snake.ts.net">
      <testcase name="captures stdout synchronously" classname="Bun.spawnSync" time="0.00191" file="tests/shell.test.ts" line="259" assertions="1" />
      <testcase name="exit code is returned" classname="Bun.spawnSync" time="0.003864" file="tests/shell.test.ts" line="264" assertions="1" />
      <testcase name="captures stderr synchronously" classname="Bun.spawnSync" time="0.003772" file="tests/shell.test.ts" line="269" assertions="1" />
      <testcase name="success is true when exit code is 0" classname="Bun.spawnSync" time="0.001753" file="tests/shell.test.ts" line="274" assertions="1" />
      <testcase name="success is false when exit code is non-zero" classname="Bun.spawnSync" time="0.001502" file="tests/shell.test.ts" line="279" assertions="1" />
      <testcase name="stdin buffer is passed to the process" classname="Bun.spawnSync" time="0.001805" file="tests/shell.test.ts" line="284" assertions="1" />
      <testcase name="env option is forwarded" classname="Bun.spawnSync" time="0.003732" file="tests/shell.test.ts" line="289" assertions="1" />
      <testcase name="cwd option is respected" classname="Bun.spawnSync" time="0.002195" file="tests/shell.test.ts" line="296" assertions="1" />
    </testsuite>
  </testsuite>
</testsuites>
